2022-04-17 15:22:59 [INFO] Root WebApplicationContext: initialization started
2022-04-17 15:23:02 [INFO] Root WebApplicationContext initialized in 2621 ms
2022-04-17 15:23:02 [INFO] Initializing Servlet 'appServlet'
2022-04-17 15:23:08 [INFO] Completed initialization in 5776 ms
2022-04-17 15:23:09 [INFO] [ip]0:0:0:0:0:0:0:1 [Controller]HomeController.home()
2022-04-17 15:23:20 [INFO] [ip]0:0:0:0:0:0:0:1 [Controller]FreeBoardController.freeBoardinsert()
2022-04-17 15:23:20 [INFO] [ip]0:0:0:0:0:0:0:1 [Controller]FreeBoardController.freeBoardList()
2022-04-17 15:23:27 [INFO] [ip]0:0:0:0:0:0:0:1 [Controller]PopupController.layerPopup()
2022-04-17 15:23:29 [INFO] [ip]0:0:0:0:0:0:0:1 [Controller]PopupController.layerPopup()
2022-04-17 15:23:33 [INFO] [ip]0:0:0:0:0:0:0:1 [Controller]EmailLoginController.emailLogin()
2022-04-17 15:23:33 [INFO] [ip]0:0:0:0:0:0:0:1 [Controller]FreeBoardController.freeBoardinsert()
2022-04-17 15:23:34 [INFO] [ip]0:0:0:0:0:0:0:1 [Controller]FreeBoardController.freeBoardList()
2022-04-17 15:24:53 [INFO] [ip]0:0:0:0:0:0:0:1 [Controller]FreeBoardController.freeBoardinsert()
2022-04-17 15:24:55 [INFO] [ip]0:0:0:0:0:0:0:1 [Controller]FreeBoardController.freeBoardList()
2022-04-17 15:24:55 [INFO] [ip]0:0:0:0:0:0:0:1 [Controller]FreeBoardController.freeBoardinsert()
2022-04-17 15:24:56 [INFO] [ip]0:0:0:0:0:0:0:1 [Controller]FreeBoardController.freeBoardList()
2022-04-17 15:26:11 [INFO] [ip]0:0:0:0:0:0:0:1 [Controller]FreeBoardController.freeBoardinsert()
2022-04-17 15:26:13 [INFO] [ip]0:0:0:0:0:0:0:1 [Controller]FreeBoardController.freeBoardList()
2022-04-17 15:26:38 [INFO] [ip]0:0:0:0:0:0:0:1 [Controller]FreeBoardController.freeBoardinsert()
2022-04-17 15:26:39 [INFO] [ip]0:0:0:0:0:0:0:1 [Controller]FreeBoardController.freeBoardList()
2022-04-17 15:26:47 [INFO] [ip]0:0:0:0:0:0:0:1 [Controller]FreeBoardController.freeBoardinsert()
2022-04-17 15:26:48 [INFO] [ip]0:0:0:0:0:0:0:1 [Controller]FreeBoardController.freeBoardList()
2022-04-17 15:27:00 [INFO] [ip]0:0:0:0:0:0:0:1 [Controller]FreeBoardController.SecretView()
2022-04-17 15:27:40 [INFO] Root WebApplicationContext: initialization started
2022-04-17 15:27:43 [INFO] Root WebApplicationContext initialized in 2264 ms
2022-04-17 15:27:43 [INFO] Initializing Servlet 'appServlet'
2022-04-17 15:27:47 [INFO] Completed initialization in 4108 ms
2022-04-17 15:27:47 [INFO] [ip]0:0:0:0:0:0:0:1 [Controller]FreeBoardController.SecretView()
2022-04-17 15:27:55 [INFO] [ip]0:0:0:0:0:0:0:1 [Controller]PopupController.layerPopup()
2022-04-17 15:28:03 [INFO] [ip]0:0:0:0:0:0:0:1 [Controller]PopupController.layerPopup()
2022-04-17 15:28:10 [INFO] [ip]0:0:0:0:0:0:0:1 [Controller]FreeBoardController.freeBoardinsert()
2022-04-17 15:28:11 [INFO] [ip]0:0:0:0:0:0:0:1 [Controller]FreeBoardController.freeBoardList()
2022-04-17 15:28:12 [INFO] [ip]0:0:0:0:0:0:0:1 [Controller]FreeBoardController.SecretView()
2022-04-17 15:29:14 [INFO] [ip]0:0:0:0:0:0:0:1 [Controller]WorryBoardController.worryBoard()
2022-04-17 15:29:14 [INFO] [ip]0:0:0:0:0:0:0:1 [Controller]WorryBoardController.worryList()
2022-04-17 15:29:16 [INFO] [ip]0:0:0:0:0:0:0:1 [Controller]FreeBoardController.freeBoardinsert()
2022-04-17 15:29:17 [INFO] [ip]0:0:0:0:0:0:0:1 [Controller]FreeBoardController.freeBoardList()
2022-04-17 15:29:31 [INFO] [ip]0:0:0:0:0:0:0:1 [Controller]FreeBoardController.freeBoardinsert()
2022-04-17 15:29:32 [INFO] [ip]0:0:0:0:0:0:0:1 [Controller]FreeBoardController.freeBoardList()
2022-04-17 15:33:48 [INFO] [ip]0:0:0:0:0:0:0:1 [Controller]FreeBoardController.freeBoardinsert()
2022-04-17 15:33:51 [INFO] [ip]0:0:0:0:0:0:0:1 [Controller]FreeBoardController.freeBoardList()
2022-04-17 15:38:23 [INFO] Root WebApplicationContext: initialization started
2022-04-17 15:38:26 [INFO] Root WebApplicationContext initialized in 2350 ms
2022-04-17 15:38:26 [INFO] Initializing Servlet 'appServlet'
2022-04-17 15:38:30 [INFO] Completed initialization in 4663 ms
2022-04-17 15:38:31 [INFO] [ip]0:0:0:0:0:0:0:1 [Controller]HomeController.home()
2022-04-17 15:38:46 [INFO] [ip]0:0:0:0:0:0:0:1 [Controller]FreeBoardController.freeBoardinsert()
2022-04-17 15:38:47 [INFO] [ip]0:0:0:0:0:0:0:1 [Controller]FreeBoardController.freeBoardList()
2022-04-17 15:39:08 [INFO] [ip]0:0:0:0:0:0:0:1 [Controller]FreeBoardController.freeBoardinsert()
2022-04-17 15:39:09 [INFO] [ip]0:0:0:0:0:0:0:1 [Controller]FreeBoardController.freeBoardList()
2022-04-17 15:39:46 [INFO] [ip]0:0:0:0:0:0:0:1 [Controller]FreeBoardController.freeBoardinsert()
2022-04-17 15:39:53 [INFO] [ip]0:0:0:0:0:0:0:1 [Controller]FreeBoardController.freeBoardList()
2022-04-17 15:42:40 [INFO] [ip]0:0:0:0:0:0:0:1 [Controller]FreeBoardController.freeBoardinsert()
2022-04-17 15:42:46 [INFO] [ip]0:0:0:0:0:0:0:1 [Controller]FreeBoardController.freeBoardList()
2022-04-17 15:43:52 [INFO] [ip]0:0:0:0:0:0:0:1 [Controller]FreeBoardController.freeBoardinsert()
2022-04-17 15:43:58 [INFO] [ip]0:0:0:0:0:0:0:1 [Controller]FreeBoardController.freeBoardList()
2022-04-17 15:46:22 [INFO] [ip]0:0:0:0:0:0:0:1 [Controller]FreeBoardController.freeBoardinsert()
2022-04-17 15:46:29 [INFO] [ip]0:0:0:0:0:0:0:1 [Controller]FreeBoardController.freeBoardList()
2022-04-17 15:46:45 [INFO] [ip]0:0:0:0:0:0:0:1 [Controller]FreeBoardController.freeBoardinsert()
2022-04-17 15:46:52 [INFO] [ip]0:0:0:0:0:0:0:1 [Controller]FreeBoardController.freeBoardList()
2022-04-17 15:48:43 [INFO] [ip]0:0:0:0:0:0:0:1 [Controller]FreeBoardController.freeBoardinsert()
2022-04-17 15:48:49 [INFO] [ip]0:0:0:0:0:0:0:1 [Controller]FreeBoardController.freeBoardList()
2022-04-17 15:49:51 [INFO] [ip]0:0:0:0:0:0:0:1 [Controller]FreeBoardController.freeBoardinsert()
2022-04-17 15:49:58 [INFO] [ip]0:0:0:0:0:0:0:1 [Controller]FreeBoardController.freeBoardList()
2022-04-17 15:51:43 [INFO] [ip]0:0:0:0:0:0:0:1 [Controller]FreeBoardController.freeBoardinsert()
2022-04-17 15:51:49 [INFO] [ip]0:0:0:0:0:0:0:1 [Controller]FreeBoardController.freeBoardList()
2022-04-17 15:51:51 [INFO] [ip]0:0:0:0:0:0:0:1 [Controller]FreeBoardController.freeBoardList()
2022-04-17 15:51:53 [INFO] [ip]0:0:0:0:0:0:0:1 [Controller]FreeBoardController.freeBoardList()
2022-04-17 15:51:54 [INFO] [ip]0:0:0:0:0:0:0:1 [Controller]FreeBoardController.freeBoardList()
2022-04-17 15:51:57 [INFO] [ip]0:0:0:0:0:0:0:1 [Controller]FreeBoardController.freeBoardList()
2022-04-17 15:51:57 [INFO] [ip]0:0:0:0:0:0:0:1 [Controller]FreeBoardController.freeBoardList()
2022-04-17 15:51:57 [INFO] [ip]0:0:0:0:0:0:0:1 [Controller]FreeBoardController.freeBoardList()
2022-04-17 15:51:57 [INFO] [ip]0:0:0:0:0:0:0:1 [Controller]FreeBoardController.freeBoardList()
2022-04-17 15:53:29 [INFO] [ip]0:0:0:0:0:0:0:1 [Controller]FreeBoardController.freeBoardinsert()
2022-04-17 15:53:36 [INFO] [ip]0:0:0:0:0:0:0:1 [Controller]FreeBoardController.freeBoardList()
2022-04-17 15:53:38 [INFO] [ip]0:0:0:0:0:0:0:1 [Controller]FreeBoardController.freeBoardList()
2022-04-17 15:53:39 [INFO] [ip]0:0:0:0:0:0:0:1 [Controller]FreeBoardController.freeBoardList()
2022-04-17 15:53:57 [INFO] [ip]0:0:0:0:0:0:0:1 [Controller]FreeBoardController.freeBoardList()
2022-04-17 15:53:59 [INFO] [ip]0:0:0:0:0:0:0:1 [Controller]PopupController.layerPopup()
2022-04-17 15:54:00 [INFO] [ip]0:0:0:0:0:0:0:1 [Controller]PopupController.layerPopup()
2022-04-17 15:54:05 [INFO] [ip]0:0:0:0:0:0:0:1 [Controller]EmailLoginController.emailLogin()
2022-04-17 15:54:06 [INFO] [ip]0:0:0:0:0:0:0:1 [Controller]FreeBoardController.freeBoardinsert()
2022-04-17 15:54:08 [INFO] [ip]0:0:0:0:0:0:0:1 [Controller]FreeBoardController.freeBoardList()
2022-04-17 15:54:10 [INFO] [ip]0:0:0:0:0:0:0:1 [Controller]FreeBoardController.freeBoardList()
2022-04-17 15:54:16 [INFO] [ip]0:0:0:0:0:0:0:1 [Controller]FreeBoardController.freeBoardInsert()
2022-04-17 15:54:16 [INFO] [ip]0:0:0:0:0:0:0:1 [Controller]FreeBoardController.freeBoardList()
2022-04-17 15:54:48 [INFO] [ip]0:0:0:0:0:0:0:1 [Controller]FreeBoardController.freeBoardinsert()
2022-04-17 15:54:55 [INFO] [ip]0:0:0:0:0:0:0:1 [Controller]FreeBoardController.freeBoardList()
2022-04-17 15:54:59 [INFO] [ip]0:0:0:0:0:0:0:1 [Controller]FreeBoardController.freeBoardList()
2022-04-17 15:55:09 [INFO] [ip]0:0:0:0:0:0:0:1 [Controller]FreeBoardController.freeBoardinsert()
2022-04-17 15:55:16 [INFO] [ip]0:0:0:0:0:0:0:1 [Controller]FreeBoardController.freeBoardList()
2022-04-17 15:55:21 [INFO] [ip]0:0:0:0:0:0:0:1 [Controller]FreeBoardController.freeBoardList()
2022-04-17 15:55:24 [INFO] [ip]0:0:0:0:0:0:0:1 [Controller]FreeBoardController.SecretView()
2022-04-17 15:55:27 [INFO] [ip]0:0:0:0:0:0:0:1 [Controller]FreeBoardController.freeBoarDelete()
2022-04-17 15:55:28 [INFO] [ip]0:0:0:0:0:0:0:1 [Controller]FreeBoardController.freeBoardinsert()
2022-04-17 15:55:30 [INFO] [ip]0:0:0:0:0:0:0:1 [Controller]FreeBoardController.freeBoardList()
2022-04-17 15:55:36 [INFO] [ip]0:0:0:0:0:0:0:1 [Controller]FreeBoardController.freeBoardList()
2022-04-17 15:55:38 [INFO] [ip]0:0:0:0:0:0:0:1 [Controller]FreeBoardController.freeBoardInsert()
2022-04-17 15:55:38 [INFO] [ip]0:0:0:0:0:0:0:1 [Controller]FreeBoardController.freeBoardList()
2022-04-17 15:58:37 [INFO] [ip]0:0:0:0:0:0:0:1 [Controller]WorryBoardController.worryBoard()
2022-04-17 15:58:39 [INFO] [ip]0:0:0:0:0:0:0:1 [Controller]WorryBoardController.worryList()
2022-04-17 15:59:02 [INFO] [ip]0:0:0:0:0:0:0:1 [Controller]WorryBoardController.worryBoard()
2022-04-17 15:59:08 [INFO] [ip]0:0:0:0:0:0:0:1 [Controller]WorryBoardController.worryList()
2022-04-17 15:59:48 [INFO] [ip]0:0:0:0:0:0:0:1 [Controller]SecretBoardController.secretBoardinsert()
2022-04-17 15:59:50 [INFO] [ip]0:0:0:0:0:0:0:1 [Controller]SecretBoardController.secretBoardList()
2022-04-17 15:59:51 [INFO] [ip]0:0:0:0:0:0:0:1 [Controller]SecretBoardController.secretBoardList()
2022-04-17 15:59:53 [INFO] [ip]0:0:0:0:0:0:0:1 [Controller]SecretBoardController.secretBoardList()
2022-04-17 15:59:56 [INFO] [ip]0:0:0:0:0:0:0:1 [Controller]SecretBoardController.secretBoardList()
2022-04-17 15:59:56 [INFO] [ip]0:0:0:0:0:0:0:1 [Controller]SecretBoardController.secretBoardList()
2022-04-17 15:59:56 [INFO] [ip]0:0:0:0:0:0:0:1 [Controller]SecretBoardController.secretBoardList()
2022-04-17 15:59:59 [INFO] [ip]0:0:0:0:0:0:0:1 [Controller]SecretBoardController.secretBoardList()
2022-04-17 16:00:02 [INFO] [ip]0:0:0:0:0:0:0:1 [Controller]SecretBoardController.secretBoardList()
2022-04-17 16:00:07 [INFO] [ip]0:0:0:0:0:0:0:1 [Controller]WorryBoardController.worryBoard()
2022-04-17 16:00:09 [INFO] [ip]0:0:0:0:0:0:0:1 [Controller]WorryBoardController.worryList()
2022-04-17 16:00:12 [INFO] [ip]0:0:0:0:0:0:0:1 [Controller]WorryBoardController.worryList()
2022-04-17 16:00:12 [INFO] [ip]0:0:0:0:0:0:0:1 [Controller]WorryBoardController.worryList()
2022-04-17 16:00:12 [INFO] [ip]0:0:0:0:0:0:0:1 [Controller]WorryBoardController.worryList()
2022-04-17 16:00:12 [INFO] [ip]0:0:0:0:0:0:0:1 [Controller]WorryBoardController.worryList()
2022-04-17 16:00:12 [INFO] [ip]0:0:0:0:0:0:0:1 [Controller]WorryBoardController.worryList()
2022-04-17 16:00:12 [INFO] [ip]0:0:0:0:0:0:0:1 [Controller]WorryBoardController.worryList()
2022-04-17 16:00:12 [INFO] [ip]0:0:0:0:0:0:0:1 [Controller]WorryBoardController.worryList()
2022-04-17 16:00:13 [INFO] [ip]0:0:0:0:0:0:0:1 [Controller]WorryBoardController.worryList()
2022-04-17 16:00:13 [INFO] [ip]0:0:0:0:0:0:0:1 [Controller]WorryBoardController.worryList()
2022-04-17 16:02:43 [INFO] [ip]0:0:0:0:0:0:0:1 [Controller]WorryBoardController.worryBoard()
2022-04-17 16:02:49 [INFO] [ip]0:0:0:0:0:0:0:1 [Controller]WorryBoardController.worryList()
2022-04-17 16:02:52 [INFO] [ip]0:0:0:0:0:0:0:1 [Controller]WorryBoardController.worryList()
2022-04-17 16:02:54 [INFO] [ip]0:0:0:0:0:0:0:1 [Controller]WorryBoardController.worryList()
2022-04-17 16:02:57 [INFO] [ip]0:0:0:0:0:0:0:1 [Controller]MindPostController.MindPostList()
2022-04-17 16:03:01 [INFO] [ip]0:0:0:0:0:0:0:1 [Controller]SecretBoardController.secretBoardinsert()
2022-04-17 16:03:03 [INFO] [ip]0:0:0:0:0:0:0:1 [Controller]SecretBoardController.secretBoardList()
2022-04-17 16:03:04 [INFO] [ip]0:0:0:0:0:0:0:1 [Controller]SecretBoardController.secretBoardList()
2022-04-17 16:03:06 [INFO] [ip]0:0:0:0:0:0:0:1 [Controller]SecretBoardController.secretBoardList()
2022-04-17 16:03:07 [INFO] [ip]0:0:0:0:0:0:0:1 [Controller]SecretBoardController.secretBoardList()
2022-04-17 16:05:26 [INFO] [ip]0:0:0:0:0:0:0:1 [Controller]SecretBoardController.secretBoardinsert()
2022-04-17 16:05:32 [INFO] [ip]0:0:0:0:0:0:0:1 [Controller]SecretBoardController.secretBoardList()
2022-04-17 16:05:35 [INFO] [ip]0:0:0:0:0:0:0:1 [Controller]SecretBoardController.secretBoardList()
2022-04-17 16:05:38 [INFO] [ip]0:0:0:0:0:0:0:1 [Controller]SecretBoardController.secretBoardList()
2022-04-17 16:05:57 [INFO] [ip]0:0:0:0:0:0:0:1 [Controller]SecretBoardController.secretBoardList()
2022-04-17 16:05:58 [INFO] [ip]0:0:0:0:0:0:0:1 [Controller]SecretBoardController.secretBoardinsert()
2022-04-17 16:06:05 [INFO] [ip]0:0:0:0:0:0:0:1 [Controller]SecretBoardController.secretBoardList()
2022-04-17 16:11:17 [INFO] [ip]0:0:0:0:0:0:0:1 [Controller]SecretBoardController.secretBoardinsert()
2022-04-17 16:11:25 [INFO] [ip]0:0:0:0:0:0:0:1 [Controller]SecretBoardController.secretBoardList()
2022-04-17 16:12:48 [INFO] [ip]0:0:0:0:0:0:0:1 [Controller]SecretBoardController.secretBoardinsert()
2022-04-17 16:12:55 [INFO] [ip]0:0:0:0:0:0:0:1 [Controller]SecretBoardController.secretBoardList()
2022-04-17 16:13:10 [INFO] [ip]0:0:0:0:0:0:0:1 [Controller]SecretBoardController.secretBoardinsert()
2022-04-17 16:13:17 [INFO] [ip]0:0:0:0:0:0:0:1 [Controller]SecretBoardController.secretBoardList()
2022-04-17 16:13:34 [INFO] [ip]0:0:0:0:0:0:0:1 [Controller]SecretBoardController.secretBoardinsert()
2022-04-17 16:13:41 [INFO] [ip]0:0:0:0:0:0:0:1 [Controller]SecretBoardController.secretBoardList()
2022-04-17 16:14:58 [INFO] [ip]0:0:0:0:0:0:0:1 [Controller]SecretBoardController.secretBoardinsert()
2022-04-17 16:15:05 [INFO] [ip]0:0:0:0:0:0:0:1 [Controller]SecretBoardController.secretBoardList()
2022-04-17 16:15:08 [INFO] [ip]0:0:0:0:0:0:0:1 [Controller]SecretBoardController.secretBoardList()
2022-04-17 16:15:10 [INFO] [ip]0:0:0:0:0:0:0:1 [Controller]SecretBoardController.secretBoardList()
2022-04-17 16:15:18 [INFO] [ip]0:0:0:0:0:0:0:1 [Controller]SecretBoardController.secretBoardList()
2022-04-17 16:15:20 [INFO] [ip]0:0:0:0:0:0:0:1 [Controller]FreeBoardController.freeBoardinsert()
2022-04-17 16:15:22 [INFO] [ip]0:0:0:0:0:0:0:1 [Controller]FreeBoardController.freeBoardList()
2022-04-17 16:15:22 [INFO] [ip]0:0:0:0:0:0:0:1 [Controller]FreeBoardController.freeBoardList()
2022-04-17 16:15:24 [INFO] [ip]0:0:0:0:0:0:0:1 [Controller]MindPostController.MindPostList()
2022-04-17 16:15:27 [INFO] [ip]0:0:0:0:0:0:0:1 [Controller]SecretBoardController.secretBoardinsert()
2022-04-17 16:15:28 [INFO] [ip]0:0:0:0:0:0:0:1 [Controller]SecretBoardController.secretBoardList()
2022-04-17 16:15:30 [INFO] [ip]0:0:0:0:0:0:0:1 [Controller]SecretBoardController.secretBoardList()
2022-04-17 16:15:32 [INFO] [ip]0:0:0:0:0:0:0:1 [Controller]SecretBoardController.secretBoardList()
2022-04-17 16:15:33 [INFO] [ip]0:0:0:0:0:0:0:1 [Controller]SecretBoardController.secretBoardList()
2022-04-17 16:15:33 [INFO] [ip]0:0:0:0:0:0:0:1 [Controller]SecretBoardController.secretBoardList()
2022-04-17 16:15:33 [INFO] [ip]0:0:0:0:0:0:0:1 [Controller]SecretBoardController.secretBoardList()
2022-04-17 16:15:35 [INFO] [ip]0:0:0:0:0:0:0:1 [Controller]SecretBoardController.secretBoardList()
2022-04-17 16:15:35 [INFO] [ip]0:0:0:0:0:0:0:1 [Controller]SecretBoardController.secretBoardList()
2022-04-17 16:15:35 [INFO] [ip]0:0:0:0:0:0:0:1 [Controller]SecretBoardController.secretBoardList()
2022-04-17 16:15:38 [INFO] [ip]0:0:0:0:0:0:0:1 [Controller]SecretBoardController.secretBoardList()
2022-04-17 16:15:38 [INFO] [ip]0:0:0:0:0:0:0:1 [Controller]SecretBoardController.secretBoardList()
2022-04-17 16:15:38 [INFO] [ip]0:0:0:0:0:0:0:1 [Controller]SecretBoardController.secretBoardList()
2022-04-17 16:16:13 [INFO] [ip]0:0:0:0:0:0:0:1 [Controller]SecretBoardController.secretBoardInsert()
2022-04-17 16:16:13 [INFO] [ip]0:0:0:0:0:0:0:1 [Controller]SecretBoardController.secretBoardList()
2022-04-17 16:16:17 [INFO] [ip]0:0:0:0:0:0:0:1 [Controller]SecretBoardController.secretBoardList()
2022-04-17 16:16:17 [INFO] [ip]0:0:0:0:0:0:0:1 [Controller]SecretBoardController.secretBoardList()
2022-04-17 16:16:17 [INFO] [ip]0:0:0:0:0:0:0:1 [Controller]SecretBoardController.secretBoardList()
2022-04-17 16:16:17 [INFO] [ip]0:0:0:0:0:0:0:1 [Controller]SecretBoardController.secretBoardList()
2022-04-17 16:16:20 [INFO] [ip]0:0:0:0:0:0:0:1 [Controller]SecretBoardController.secretBoardList()
2022-04-17 16:16:21 [INFO] [ip]0:0:0:0:0:0:0:1 [Controller]SecretBoardController.secretBoardList()
2022-04-17 16:18:05 [INFO] [ip]0:0:0:0:0:0:0:1 [Controller]SecretBoardController.secretBoardinsert()
2022-04-17 16:18:12 [INFO] [ip]0:0:0:0:0:0:0:1 [Controller]SecretBoardController.secretBoardList()
2022-04-17 16:18:15 [INFO] [ip]0:0:0:0:0:0:0:1 [Controller]SecretBoardController.secretView()
2022-04-17 16:18:20 [INFO] [ip]0:0:0:0:0:0:0:1 [Controller]SecretBoardController.secretBoarDelete()
2022-04-17 16:18:20 [INFO] [ip]0:0:0:0:0:0:0:1 [Controller]SecretBoardController.secretBoardinsert()
2022-04-17 16:18:22 [INFO] [ip]0:0:0:0:0:0:0:1 [Controller]SecretBoardController.secretBoardList()
2022-04-17 16:18:27 [INFO] [ip]0:0:0:0:0:0:0:1 [Controller]SecretBoardController.secretBoardInsert()
2022-04-17 16:18:28 [INFO] [ip]0:0:0:0:0:0:0:1 [Controller]SecretBoardController.secretBoardList()
2022-04-17 16:18:33 [INFO] [ip]0:0:0:0:0:0:0:1 [Controller]SecretBoardController.secretBoardList()
2022-04-17 16:18:34 [INFO] [ip]0:0:0:0:0:0:0:1 [Controller]FreeBoardController.freeBoardinsert()
2022-04-17 16:18:36 [INFO] [ip]0:0:0:0:0:0:0:1 [Controller]FreeBoardController.freeBoardList()
2022-04-17 16:18:40 [INFO] [ip]0:0:0:0:0:0:0:1 [Controller]FreeBoardController.freeBoardInsert()
2022-04-17 16:18:41 [INFO] [ip]0:0:0:0:0:0:0:1 [Controller]FreeBoardController.freeBoardList()
2022-04-17 16:18:43 [INFO] [ip]0:0:0:0:0:0:0:1 [Controller]FreeBoardController.freeBoardList()
2022-04-17 16:18:45 [INFO] [ip]0:0:0:0:0:0:0:1 [Controller]WorryBoardController.worryBoard()
2022-04-17 16:18:47 [INFO] [ip]0:0:0:0:0:0:0:1 [Controller]WorryBoardController.worryList()
2022-04-17 16:18:54 [INFO] [ip]0:0:0:0:0:0:0:1 [Controller]WorryBoardController.worryBoardInsert()
2022-04-17 16:18:55 [INFO] [ip]0:0:0:0:0:0:0:1 [Controller]WorryBoardController.worryList()
2022-04-17 16:18:58 [INFO] [ip]0:0:0:0:0:0:0:1 [Controller]WorryBoardController.worryList()
2022-04-17 16:19:00 [INFO] [ip]0:0:0:0:0:0:0:1 [Controller]WorryBoardController.worryView()
2022-04-17 16:19:03 [INFO] [ip]0:0:0:0:0:0:0:1 [Controller]WorryBoardController.worryDelete()
2022-04-17 16:19:03 [INFO] [ip]0:0:0:0:0:0:0:1 [Controller]WorryBoardController.worryBoard()
2022-04-17 16:19:05 [INFO] [ip]0:0:0:0:0:0:0:1 [Controller]WorryBoardController.worryList()
2022-04-17 16:19:07 [INFO] [ip]0:0:0:0:0:0:0:1 [Controller]WorryBoardController.worryBoard()
2022-04-17 16:19:08 [INFO] [ip]0:0:0:0:0:0:0:1 [Controller]WorryBoardController.worryList()
2022-04-17 16:19:17 [INFO] [ip]0:0:0:0:0:0:0:1 [Controller]FreeBoardController.freeBoardinsert()
2022-04-17 16:19:18 [INFO] [ip]0:0:0:0:0:0:0:1 [Controller]FreeBoardController.freeBoardList()
2022-04-17 16:19:20 [INFO] [ip]0:0:0:0:0:0:0:1 [Controller]FreeBoardController.SecretView()
2022-04-17 16:19:23 [INFO] [ip]0:0:0:0:0:0:0:1 [Controller]FreeBoardController.freeBoarDelete()
2022-04-17 16:19:23 [INFO] [ip]0:0:0:0:0:0:0:1 [Controller]FreeBoardController.freeBoardinsert()
2022-04-17 16:19:25 [INFO] [ip]0:0:0:0:0:0:0:1 [Controller]FreeBoardController.freeBoardList()
2022-04-17 16:19:27 [INFO] [ip]0:0:0:0:0:0:0:1 [Controller]SecretBoardController.secretBoardinsert()
2022-04-17 16:19:28 [INFO] [ip]0:0:0:0:0:0:0:1 [Controller]SecretBoardController.secretBoardList()
2022-04-17 16:19:30 [INFO] [ip]0:0:0:0:0:0:0:1 [Controller]SecretBoardController.secretView()
2022-04-17 16:19:36 [INFO] [ip]0:0:0:0:0:0:0:1 [Controller]FreeBoardController.freeBoardinsert()
2022-04-17 16:19:37 [INFO] [ip]0:0:0:0:0:0:0:1 [Controller]FreeBoardController.freeBoardList()
2022-04-17 16:19:39 [INFO] [ip]0:0:0:0:0:0:0:1 [Controller]FreeBoardController.SecretView()
2022-04-17 16:20:24 [INFO] [ip]0:0:0:0:0:0:0:1 [Controller]FreeBoardController.SecretView()
2022-04-17 16:20:45 [INFO] [ip]0:0:0:0:0:0:0:1 [Controller]SecretBoardController.secretBoardinsert()
2022-04-17 16:20:47 [INFO] [ip]0:0:0:0:0:0:0:1 [Controller]SecretBoardController.secretBoardList()
2022-04-17 16:20:49 [INFO] [ip]0:0:0:0:0:0:0:1 [Controller]SecretBoardController.secretView()
2022-04-17 16:20:50 [INFO] [ip]0:0:0:0:0:0:0:1 [Controller]SecretBoardController.secretView()
2022-04-17 16:22:00 [INFO] [ip]0:0:0:0:0:0:0:1 [Controller]WorryBoardController.worryBoard()
2022-04-17 16:22:02 [INFO] [ip]0:0:0:0:0:0:0:1 [Controller]WorryBoardController.worryList()
2022-04-17 16:22:03 [INFO] [ip]0:0:0:0:0:0:0:1 [Controller]WorryBoardController.worryView()
2022-04-17 16:38:22 [INFO] Root WebApplicationContext: initialization started
2022-04-17 16:38:25 [INFO] Root WebApplicationContext initialized in 2425 ms
2022-04-17 16:38:25 [INFO] Initializing Servlet 'appServlet'
2022-04-17 16:38:30 [INFO] Completed initialization in 4868 ms
2022-04-17 16:38:30 [INFO] [ip]0:0:0:0:0:0:0:1 [Controller]WorryBoardController.worryBoard()
2022-04-17 16:38:30 [INFO] [ip]0:0:0:0:0:0:0:1 [Controller]WorryBoardController.worryBoard()
2022-04-17 16:38:31 [INFO] [ip]0:0:0:0:0:0:0:1 [Controller]WorryBoardController.worryBoard()
2022-04-17 16:38:35 [INFO] [ip]0:0:0:0:0:0:0:1 [Controller]WorryBoardController.worryList()
2022-04-17 16:38:37 [INFO] [ip]0:0:0:0:0:0:0:1 [Controller]WorryBoardController.worryView()
2022-04-17 16:38:40 [INFO] [ip]0:0:0:0:0:0:0:1 [Controller]WorryBoardController.worryBoard()
2022-04-17 16:38:42 [INFO] [ip]0:0:0:0:0:0:0:1 [Controller]WorryBoardController.worryList()
2022-04-17 16:38:43 [INFO] [ip]0:0:0:0:0:0:0:1 [Controller]FreeBoardController.freeBoardinsert()
2022-04-17 16:38:45 [INFO] [ip]0:0:0:0:0:0:0:1 [Controller]FreeBoardController.freeBoardList()
2022-04-17 16:38:47 [INFO] [ip]0:0:0:0:0:0:0:1 [Controller]FreeBoardController.SecretView()
2022-04-17 16:38:52 [INFO] [ip]0:0:0:0:0:0:0:1 [Controller]SecretBoardController.secretBoardinsert()
2022-04-17 16:38:54 [INFO] [ip]0:0:0:0:0:0:0:1 [Controller]SecretBoardController.secretBoardList()
2022-04-17 16:38:56 [INFO] [ip]0:0:0:0:0:0:0:1 [Controller]SecretBoardController.secretView()
2022-04-17 16:45:55 [INFO] [ip]0:0:0:0:0:0:0:1 [Controller]SecretBoardController.secretView()
2022-04-17 16:46:07 [INFO] [ip]0:0:0:0:0:0:0:1 [Controller]SecretBoardController.secretView()
2022-04-17 16:46:12 [INFO] [ip]0:0:0:0:0:0:0:1 [Controller]WorryBoardController.worryBoard()
2022-04-17 16:46:16 [INFO] [ip]0:0:0:0:0:0:0:1 [Controller]WorryBoardController.worryList()
2022-04-17 16:46:16 [INFO] [ip]0:0:0:0:0:0:0:1 [Controller]SecretBoardController.secretBoardinsert()
2022-04-17 16:46:18 [INFO] [ip]0:0:0:0:0:0:0:1 [Controller]SecretBoardController.secretBoardList()
2022-04-17 16:46:20 [INFO] [ip]0:0:0:0:0:0:0:1 [Controller]SecretBoardController.secretView()
2022-04-17 16:46:52 [INFO] [ip]0:0:0:0:0:0:0:1 [Controller]FreeBoardController.freeBoardinsert()
2022-04-17 16:46:54 [INFO] [ip]0:0:0:0:0:0:0:1 [Controller]FreeBoardController.freeBoardList()
2022-04-17 16:46:56 [INFO] [ip]0:0:0:0:0:0:0:1 [Controller]FreeBoardController.SecretView()
2022-04-17 16:47:01 [INFO] [ip]0:0:0:0:0:0:0:1 [Controller]WorryBoardController.worryBoard()
2022-04-17 16:47:03 [INFO] [ip]0:0:0:0:0:0:0:1 [Controller]WorryBoardController.worryList()
2022-04-17 16:47:05 [INFO] [ip]0:0:0:0:0:0:0:1 [Controller]WorryBoardController.worryView()
2022-04-17 16:47:08 [INFO] [ip]0:0:0:0:0:0:0:1 [Controller]SecretBoardController.secretBoardinsert()
2022-04-17 16:47:10 [INFO] [ip]0:0:0:0:0:0:0:1 [Controller]SecretBoardController.secretBoardList()
2022-04-17 16:47:12 [INFO] [ip]0:0:0:0:0:0:0:1 [Controller]SecretBoardController.secretView()
2022-04-17 16:47:24 [INFO] [ip]0:0:0:0:0:0:0:1 [Controller]FreeBoardController.freeBoardinsert()
2022-04-17 16:47:26 [INFO] [ip]0:0:0:0:0:0:0:1 [Controller]FreeBoardController.freeBoardList()
2022-04-17 16:47:38 [INFO] [ip]0:0:0:0:0:0:0:1 [Controller]FreeBoardController.freeBoardinsert()
2022-04-17 16:47:44 [INFO] [ip]0:0:0:0:0:0:0:1 [Controller]SecretBoardController.secretBoardinsert()
2022-04-17 16:47:47 [INFO] [ip]0:0:0:0:0:0:0:1 [Controller]SecretBoardController.secretBoardList()
2022-04-17 16:47:49 [INFO] [ip]0:0:0:0:0:0:0:1 [Controller]SecretBoardController.secretView()
2022-04-17 16:48:09 [INFO] [ip]0:0:0:0:0:0:0:1 [Controller]SecretBoardController.secretView()
2022-04-17 16:48:18 [INFO] [ip]0:0:0:0:0:0:0:1 [Controller]FreeBoardController.freeBoardinsert()
2022-04-17 16:48:20 [INFO] [ip]0:0:0:0:0:0:0:1 [Controller]FreeBoardController.freeBoardList()
2022-04-17 16:48:21 [INFO] [ip]0:0:0:0:0:0:0:1 [Controller]FreeBoardController.SecretView()
2022-04-17 16:48:31 [INFO] [ip]0:0:0:0:0:0:0:1 [Controller]WorryBoardController.worryBoard()
2022-04-17 16:48:32 [INFO] [ip]0:0:0:0:0:0:0:1 [Controller]SecretBoardController.secretBoardinsert()
2022-04-17 16:48:34 [INFO] [ip]0:0:0:0:0:0:0:1 [Controller]SecretBoardController.secretBoardList()
2022-04-17 16:48:35 [INFO] [ip]0:0:0:0:0:0:0:1 [Controller]SecretBoardController.secretView()
2022-04-17 16:49:04 [INFO] [ip]0:0:0:0:0:0:0:1 [Controller]FreeBoardController.freeBoardinsert()
2022-04-17 16:49:05 [INFO] [ip]0:0:0:0:0:0:0:1 [Controller]FreeBoardController.freeBoardList()
2022-04-17 16:49:09 [INFO] [ip]0:0:0:0:0:0:0:1 [Controller]PopupController.layerPopup()
2022-04-17 16:49:10 [INFO] [ip]0:0:0:0:0:0:0:1 [Controller]PopupController.layerPopup()
2022-04-17 16:49:19 [INFO] [ip]0:0:0:0:0:0:0:1 [Controller]PopupController.layerPopup()
2022-04-17 16:49:23 [INFO] [ip]0:0:0:0:0:0:0:1 [Controller]PopupController.layerPopup()
2022-04-17 16:49:27 [INFO] [ip]0:0:0:0:0:0:0:1 [Controller]EmailLoginController.emailLogin()
2022-04-17 16:49:28 [INFO] [ip]0:0:0:0:0:0:0:1 [Controller]FreeBoardController.freeBoardinsert()
2022-04-17 16:49:30 [INFO] [ip]0:0:0:0:0:0:0:1 [Controller]FreeBoardController.freeBoardList()
2022-04-17 16:49:32 [INFO] [ip]0:0:0:0:0:0:0:1 [Controller]SecretBoardController.secretBoardinsert()
2022-04-17 16:49:33 [INFO] [ip]0:0:0:0:0:0:0:1 [Controller]SecretBoardController.secretBoardList()
2022-04-17 16:49:34 [INFO] [ip]0:0:0:0:0:0:0:1 [Controller]WorryBoardController.worryBoard()
2022-04-17 16:49:34 [INFO] [ip]0:0:0:0:0:0:0:1 [Controller]FreeBoardController.freeBoardinsert()
2022-04-17 16:49:36 [INFO] [ip]0:0:0:0:0:0:0:1 [Controller]FreeBoardController.freeBoardList()
2022-04-17 16:49:44 [INFO] [ip]0:0:0:0:0:0:0:1 [Controller]FreeBoardController.freeBoardInsert()
2022-04-17 16:49:44 [INFO] [ip]0:0:0:0:0:0:0:1 [Controller]FreeBoardController.freeBoardList()
2022-04-17 16:49:49 [INFO] [ip]0:0:0:0:0:0:0:1 [Controller]FreeBoardController.SecretView()
2022-04-17 16:49:53 [INFO] [ip]0:0:0:0:0:0:0:1 [Controller]FreeBoardController.freeBoarDelete()
2022-04-17 16:49:53 [INFO] [ip]0:0:0:0:0:0:0:1 [Controller]FreeBoardController.freeBoardinsert()
2022-04-17 16:49:55 [INFO] [ip]0:0:0:0:0:0:0:1 [Controller]FreeBoardController.freeBoardList()
2022-04-17 16:49:57 [INFO] [ip]0:0:0:0:0:0:0:1 [Controller]SecretBoardController.secretBoardinsert()
2022-04-17 16:49:58 [INFO] [ip]0:0:0:0:0:0:0:1 [Controller]SecretBoardController.secretBoardList()
2022-04-17 16:50:04 [INFO] [ip]0:0:0:0:0:0:0:1 [Controller]SecretBoardController.secretView()
2022-04-17 16:51:05 [INFO] [ip]0:0:0:0:0:0:0:1 [Controller]SecretBoardController.secretBoardinsert()
2022-04-17 16:51:07 [INFO] [ip]0:0:0:0:0:0:0:1 [Controller]SecretBoardController.secretBoardList()
2022-04-17 16:51:24 [INFO] [ip]0:0:0:0:0:0:0:1 [Controller]FreeBoardController.freeBoardinsert()
2022-04-17 16:51:26 [INFO] [ip]0:0:0:0:0:0:0:1 [Controller]FreeBoardController.freeBoardList()
2022-04-17 16:51:42 [INFO] [ip]0:0:0:0:0:0:0:1 [Controller]SecretBoardController.secretBoardinsert()
2022-04-17 16:51:44 [INFO] [ip]0:0:0:0:0:0:0:1 [Controller]SecretBoardController.secretBoardList()
2022-04-17 16:52:22 [INFO] [ip]0:0:0:0:0:0:0:1 [Controller]SecretBoardController.secretBoardinsert()
2022-04-17 16:52:29 [INFO] [ip]0:0:0:0:0:0:0:1 [Controller]SecretBoardController.secretBoardList()
2022-04-17 16:52:41 [INFO] [ip]0:0:0:0:0:0:0:1 [Controller]SecretBoardController.secretView()
2022-04-17 16:53:38 [INFO] [ip]0:0:0:0:0:0:0:1 [Controller]SecretBoardController.secretBoardinsert()
2022-04-17 16:53:40 [INFO] [ip]0:0:0:0:0:0:0:1 [Controller]SecretBoardController.secretBoardList()
2022-04-17 16:53:42 [INFO] [ip]0:0:0:0:0:0:0:1 [Controller]SecretBoardController.secretView()
2022-04-17 16:53:44 [INFO] [ip]0:0:0:0:0:0:0:1 [Controller]SecretBoardController.secretView()
2022-04-17 16:54:02 [INFO] [ip]0:0:0:0:0:0:0:1 [Controller]SecretBoardController.secretView()
2022-04-17 16:54:15 [INFO] [ip]0:0:0:0:0:0:0:1 [Controller]SecretBoardController.secretView()
2022-04-17 16:57:23 [INFO] [ip]0:0:0:0:0:0:0:1 [Controller]SecretBoardController.secretView()
2022-04-17 16:57:31 [INFO] [ip]0:0:0:0:0:0:0:1 [Controller]SecretBoardController.secretView()
2022-04-17 17:01:10 [INFO] [ip]0:0:0:0:0:0:0:1 [Controller]SecretBoardController.secretView()
2022-04-17 17:01:51 [INFO] [ip]0:0:0:0:0:0:0:1 [Controller]SecretBoardController.secretView()
2022-04-17 17:02:25 [INFO] [ip]0:0:0:0:0:0:0:1 [Controller]SecretBoardController.secretView()
2022-04-17 17:02:34 [INFO] [ip]0:0:0:0:0:0:0:1 [Controller]FreeBoardController.freeBoardinsert()
2022-04-17 17:02:36 [INFO] [ip]0:0:0:0:0:0:0:1 [Controller]FreeBoardController.freeBoardList()
2022-04-17 17:02:38 [INFO] [ip]0:0:0:0:0:0:0:1 [Controller]FreeBoardController.SecretView()
2022-04-17 17:02:42 [INFO] [ip]0:0:0:0:0:0:0:1 [Controller]FreeBoardController.freeBoardinsert()
2022-04-17 17:02:44 [INFO] [ip]0:0:0:0:0:0:0:1 [Controller]FreeBoardController.freeBoardList()
2022-04-17 17:02:44 [INFO] [ip]0:0:0:0:0:0:0:1 [Controller]SecretBoardController.secretBoardinsert()
2022-04-17 17:02:46 [INFO] [ip]0:0:0:0:0:0:0:1 [Controller]SecretBoardController.secretBoardList()
2022-04-17 17:02:48 [INFO] [ip]0:0:0:0:0:0:0:1 [Controller]SecretBoardController.secretBoardList()
2022-04-17 17:02:50 [INFO] [ip]0:0:0:0:0:0:0:1 [Controller]SecretBoardController.secretView()
2022-04-17 17:03:52 [INFO] [ip]0:0:0:0:0:0:0:1 [Controller]FreeBoardController.freeBoardinsert()
2022-04-17 17:03:54 [INFO] [ip]0:0:0:0:0:0:0:1 [Controller]FreeBoardController.freeBoardList()
2022-04-17 17:03:56 [INFO] [ip]0:0:0:0:0:0:0:1 [Controller]FreeBoardController.freeBoardList()
2022-04-17 17:03:58 [INFO] [ip]0:0:0:0:0:0:0:1 [Controller]FreeBoardController.freeBoardList()
2022-04-17 17:03:59 [INFO] [ip]0:0:0:0:0:0:0:1 [Controller]FreeBoardController.SecretView()
2022-04-17 17:04:05 [INFO] [ip]0:0:0:0:0:0:0:1 [Controller]FreeBoardController.freeBoardinsert()
2022-04-17 17:04:06 [INFO] [ip]0:0:0:0:0:0:0:1 [Controller]FreeBoardController.freeBoardList()
2022-04-17 17:04:09 [INFO] [ip]0:0:0:0:0:0:0:1 [Controller]FreeBoardController.SecretView()
2022-04-17 17:04:11 [INFO] [ip]0:0:0:0:0:0:0:1 [Controller]FreeBoardController.freeBoardinsert()
2022-04-17 17:04:11 [INFO] [ip]0:0:0:0:0:0:0:1 [Controller]FreeBoardController.freeBoardList()
2022-04-17 17:05:54 [INFO] [ip]0:0:0:0:0:0:0:1 [Controller]WorryBoardController.worryBoard()
2022-04-17 17:05:56 [INFO] [ip]0:0:0:0:0:0:0:1 [Controller]WorryBoardController.worryList()
2022-04-17 17:05:58 [INFO] [ip]0:0:0:0:0:0:0:1 [Controller]WorryBoardController.worryList()
2022-04-17 17:05:58 [INFO] [ip]0:0:0:0:0:0:0:1 [Controller]WorryBoardController.worryList()
2022-04-17 17:05:58 [INFO] [ip]0:0:0:0:0:0:0:1 [Controller]WorryBoardController.worryList()
2022-04-17 17:05:58 [INFO] [ip]0:0:0:0:0:0:0:1 [Controller]WorryBoardController.worryList()
2022-04-17 17:05:58 [INFO] [ip]0:0:0:0:0:0:0:1 [Controller]WorryBoardController.worryList()
2022-04-17 17:05:58 [INFO] [ip]0:0:0:0:0:0:0:1 [Controller]WorryBoardController.worryList()
2022-04-17 17:06:06 [INFO] [ip]0:0:0:0:0:0:0:1 [Controller]WorryBoardController.worryView()
2022-04-17 17:06:16 [INFO] [ip]0:0:0:0:0:0:0:1 [Controller]ReplyController.insertReply()
2022-04-17 17:06:16 [INFO] [ip]0:0:0:0:0:0:0:1 [Controller]ReplyController.selectList()
2022-04-17 17:07:36 [INFO] [ip]0:0:0:0:0:0:0:1 [Controller]WorryBoardController.worryView()
2022-04-17 17:08:36 [INFO] [ip]0:0:0:0:0:0:0:1 [Controller]WorryBoardController.worryView()
2022-04-17 17:10:41 [INFO] [ip]0:0:0:0:0:0:0:1 [Controller]WorryBoardController.worryView()
2022-04-17 17:10:54 [INFO] [ip]0:0:0:0:0:0:0:1 [Controller]ReplyController.insertReply()
2022-04-17 17:10:55 [INFO] [ip]0:0:0:0:0:0:0:1 [Controller]ReplyController.selectList()
2022-04-17 17:11:33 [INFO] [ip]0:0:0:0:0:0:0:1 [Controller]WorryBoardController.worryBoard()
2022-04-17 17:11:35 [INFO] [ip]0:0:0:0:0:0:0:1 [Controller]WorryBoardController.worryList()
2022-04-17 17:11:36 [INFO] [ip]0:0:0:0:0:0:0:1 [Controller]WorryBoardController.worryView()
2022-04-17 17:11:39 [INFO] [ip]0:0:0:0:0:0:0:1 [Controller]WorryBoardController.worryBoard()
2022-04-17 17:11:41 [INFO] [ip]0:0:0:0:0:0:0:1 [Controller]WorryBoardController.worryList()
2022-04-17 17:11:42 [INFO] [ip]0:0:0:0:0:0:0:1 [Controller]WorryBoardController.worryList()
2022-04-17 17:11:42 [INFO] [ip]0:0:0:0:0:0:0:1 [Controller]WorryBoardController.worryList()
2022-04-17 17:11:42 [INFO] [ip]0:0:0:0:0:0:0:1 [Controller]WorryBoardController.worryList()
2022-04-17 17:11:42 [INFO] [ip]0:0:0:0:0:0:0:1 [Controller]WorryBoardController.worryList()
2022-04-17 17:11:42 [INFO] [ip]0:0:0:0:0:0:0:1 [Controller]WorryBoardController.worryList()
2022-04-17 17:11:42 [INFO] [ip]0:0:0:0:0:0:0:1 [Controller]WorryBoardController.worryList()
2022-04-17 17:11:43 [INFO] [ip]0:0:0:0:0:0:0:1 [Controller]WorryBoardController.worryList()
2022-04-17 17:11:43 [INFO] [ip]0:0:0:0:0:0:0:1 [Controller]WorryBoardController.worryList()
2022-04-17 17:11:43 [INFO] [ip]0:0:0:0:0:0:0:1 [Controller]WorryBoardController.worryList()
2022-04-17 17:11:43 [INFO] [ip]0:0:0:0:0:0:0:1 [Controller]WorryBoardController.worryList()
2022-04-17 17:11:43 [INFO] [ip]0:0:0:0:0:0:0:1 [Controller]WorryBoardController.worryList()
2022-04-17 17:11:43 [INFO] [ip]0:0:0:0:0:0:0:1 [Controller]WorryBoardController.worryList()
2022-04-17 17:11:44 [INFO] [ip]0:0:0:0:0:0:0:1 [Controller]WorryBoardController.worryList()
2022-04-17 17:11:44 [INFO] [ip]0:0:0:0:0:0:0:1 [Controller]WorryBoardController.worryList()
2022-04-17 17:11:44 [INFO] [ip]0:0:0:0:0:0:0:1 [Controller]WorryBoardController.worryList()
2022-04-17 17:11:44 [INFO] [ip]0:0:0:0:0:0:0:1 [Controller]WorryBoardController.worryList()
2022-04-17 17:11:44 [INFO] [ip]0:0:0:0:0:0:0:1 [Controller]WorryBoardController.worryList()
2022-04-17 17:11:50 [INFO] [ip]0:0:0:0:0:0:0:1 [Controller]WorryBoardController.worryView()
2022-04-17 17:15:16 [INFO] [ip]0:0:0:0:0:0:0:1 [Controller]WorryBoardController.worryView()
2022-04-17 17:16:03 [INFO] [ip]0:0:0:0:0:0:0:1 [Controller]WorryBoardController.worryView()
2022-04-17 17:16:17 [INFO] [ip]0:0:0:0:0:0:0:1 [Controller]ReplyController.insertReply()
2022-04-17 17:16:17 [INFO] [ip]0:0:0:0:0:0:0:1 [Controller]ReplyController.selectList()
2022-04-17 17:16:59 [INFO] [ip]0:0:0:0:0:0:0:1 [Controller]WorryBoardController.worryView()
2022-04-17 17:17:57 [INFO] [ip]0:0:0:0:0:0:0:1 [Controller]WorryBoardController.worryView()
2022-04-17 17:18:08 [INFO] [ip]0:0:0:0:0:0:0:1 [Controller]FreeBoardController.freeBoardinsert()
2022-04-17 17:18:10 [INFO] [ip]0:0:0:0:0:0:0:1 [Controller]FreeBoardController.freeBoardList()
2022-04-17 17:18:12 [INFO] [ip]0:0:0:0:0:0:0:1 [Controller]WorryBoardController.worryBoard()
2022-04-17 17:18:13 [INFO] [ip]0:0:0:0:0:0:0:1 [Controller]WorryBoardController.worryList()
2022-04-17 17:18:14 [INFO] [ip]0:0:0:0:0:0:0:1 [Controller]SecretBoardController.secretBoardinsert()
2022-04-17 17:18:16 [INFO] [ip]0:0:0:0:0:0:0:1 [Controller]SecretBoardController.secretBoardList()
2022-04-17 17:18:17 [INFO] [ip]0:0:0:0:0:0:0:1 [Controller]SecretBoardController.secretBoardList()
2022-04-17 17:18:21 [INFO] [ip]0:0:0:0:0:0:0:1 [Controller]SecretBoardController.secretBoardList()
2022-04-17 17:18:22 [INFO] [ip]0:0:0:0:0:0:0:1 [Controller]SecretBoardController.secretBoardList()
2022-04-17 17:18:23 [INFO] [ip]0:0:0:0:0:0:0:1 [Controller]SecretBoardController.secretView()
2022-04-17 17:18:24 [INFO] [ip]0:0:0:0:0:0:0:1 [Controller]SecretBoardController.exceptionHandler()
2022-04-17 17:18:29 [INFO] [ip]0:0:0:0:0:0:0:1 [Controller]HomeController.home()
2022-04-17 17:18:35 [INFO] [ip]0:0:0:0:0:0:0:1 [Controller]MindPostController.MindPostList()
2022-04-17 17:18:38 [INFO] [ip]0:0:0:0:0:0:0:1 [Controller]SecretBoardController.secretBoardinsert()
2022-04-17 17:18:40 [INFO] [ip]0:0:0:0:0:0:0:1 [Controller]SecretBoardController.secretBoardList()
2022-04-17 17:18:42 [INFO] [ip]0:0:0:0:0:0:0:1 [Controller]SecretBoardController.secretBoardList()
2022-04-17 17:18:43 [INFO] [ip]0:0:0:0:0:0:0:1 [Controller]SecretBoardController.secretView()
2022-04-17 17:18:51 [INFO] [ip]0:0:0:0:0:0:0:1 [Controller]SecretBoardController.secretBoardinsert()
2022-04-17 17:18:52 [INFO] [ip]0:0:0:0:0:0:0:1 [Controller]SecretBoardController.secretBoardList()
2022-04-17 17:18:55 [INFO] [ip]0:0:0:0:0:0:0:1 [Controller]SecretBoardController.secretBoardinsert()
2022-04-17 17:18:57 [INFO] [ip]0:0:0:0:0:0:0:1 [Controller]SecretBoardController.secretBoardList()
2022-04-17 17:18:59 [INFO] [ip]0:0:0:0:0:0:0:1 [Controller]SecretBoardController.secretView()
2022-04-17 17:19:26 [INFO] [ip]0:0:0:0:0:0:0:1 [Controller]FreeBoardController.freeBoardinsert()
2022-04-17 17:19:26 [INFO] [ip]0:0:0:0:0:0:0:1 [Controller]FreeBoardController.freeBoardinsert()
2022-04-17 17:19:28 [INFO] [ip]0:0:0:0:0:0:0:1 [Controller]FreeBoardController.freeBoardList()
2022-04-17 17:19:29 [INFO] [ip]0:0:0:0:0:0:0:1 [Controller]FreeBoardController.SecretView()
2022-04-17 17:19:32 [INFO] [ip]0:0:0:0:0:0:0:1 [Controller]FreeBoardController.freeBoardinsert()
2022-04-17 17:19:33 [INFO] [ip]0:0:0:0:0:0:0:1 [Controller]FreeBoardController.freeBoardList()
2022-04-17 17:19:35 [INFO] [ip]0:0:0:0:0:0:0:1 [Controller]FreeBoardController.SecretView()
2022-04-17 17:19:38 [INFO] [ip]0:0:0:0:0:0:0:1 [Controller]SecretBoardController.secretBoardinsert()
2022-04-17 17:19:40 [INFO] [ip]0:0:0:0:0:0:0:1 [Controller]SecretBoardController.secretBoardList()
2022-04-17 17:19:41 [INFO] [ip]0:0:0:0:0:0:0:1 [Controller]WorryBoardController.worryBoard()
2022-04-17 17:19:42 [INFO] [ip]0:0:0:0:0:0:0:1 [Controller]WorryBoardController.worryList()
2022-04-17 17:19:44 [INFO] [ip]0:0:0:0:0:0:0:1 [Controller]WorryBoardController.worryList()
2022-04-17 17:19:44 [INFO] [ip]0:0:0:0:0:0:0:1 [Controller]WorryBoardController.worryList()
2022-04-17 17:19:44 [INFO] [ip]0:0:0:0:0:0:0:1 [Controller]WorryBoardController.worryList()
2022-04-17 17:19:48 [INFO] [ip]0:0:0:0:0:0:0:1 [Controller]WorryBoardController.worryList()
2022-04-17 17:19:48 [INFO] [ip]0:0:0:0:0:0:0:1 [Controller]WorryBoardController.worryList()
2022-04-17 17:19:49 [INFO] [ip]0:0:0:0:0:0:0:1 [Controller]WorryBoardController.worryList()
2022-04-17 17:19:50 [INFO] [ip]0:0:0:0:0:0:0:1 [Controller]WorryBoardController.worryView()
2022-04-17 17:20:00 [INFO] [ip]0:0:0:0:0:0:0:1 [Controller]WorryBoardController.worryBoard()
2022-04-17 17:20:00 [INFO] [ip]0:0:0:0:0:0:0:1 [Controller]SecretBoardController.secretBoardinsert()
2022-04-17 17:20:02 [INFO] [ip]0:0:0:0:0:0:0:1 [Controller]SecretBoardController.secretBoardList()
2022-04-17 17:20:03 [INFO] [ip]0:0:0:0:0:0:0:1 [Controller]SecretBoardController.secretBoardList()
2022-04-17 17:20:07 [INFO] [ip]0:0:0:0:0:0:0:1 [Controller]SecretBoardController.secretBoardList()
2022-04-17 17:20:08 [INFO] [ip]0:0:0:0:0:0:0:1 [Controller]SecretBoardController.secretBoardList()
2022-04-17 17:20:09 [INFO] [ip]0:0:0:0:0:0:0:1 [Controller]SecretBoardController.secretView()
2022-04-17 17:20:17 [INFO] [ip]0:0:0:0:0:0:0:1 [Controller]SecretBoardController.secretBoardinsert()
2022-04-17 17:20:18 [INFO] [ip]0:0:0:0:0:0:0:1 [Controller]SecretBoardController.secretBoardList()
2022-04-17 17:21:09 [INFO] [ip]0:0:0:0:0:0:0:1 [Controller]SecretBoardController.secretView()
2022-04-17 17:21:12 [INFO] [ip]0:0:0:0:0:0:0:1 [Controller]SecretBoardController.secretView()
2022-04-17 17:21:34 [INFO] [ip]0:0:0:0:0:0:0:1 [Controller]SecretBoardController.secretView()
2022-04-17 17:22:09 [INFO] Root WebApplicationContext: initialization started
2022-04-17 17:22:11 [INFO] Root WebApplicationContext initialized in 2421 ms
2022-04-17 17:22:12 [INFO] Initializing Servlet 'appServlet'
2022-04-17 17:22:16 [INFO] Completed initialization in 4823 ms
2022-04-17 17:22:17 [INFO] [ip]0:0:0:0:0:0:0:1 [Controller]HomeController.home()
2022-04-17 17:22:35 [INFO] [ip]0:0:0:0:0:0:0:1 [Controller]FreeBoardController.freeBoardinsert()
2022-04-17 17:22:36 [INFO] [ip]0:0:0:0:0:0:0:1 [Controller]FreeBoardController.freeBoardList()
2022-04-17 17:22:37 [INFO] [ip]0:0:0:0:0:0:0:1 [Controller]SecretBoardController.secretBoardinsert()
2022-04-17 17:22:39 [INFO] [ip]0:0:0:0:0:0:0:1 [Controller]SecretBoardController.secretBoardList()
2022-04-17 17:22:41 [INFO] [ip]0:0:0:0:0:0:0:1 [Controller]SecretBoardController.secretView()
2022-04-17 17:23:20 [INFO] [ip]0:0:0:0:0:0:0:1 [Controller]SecretBoardController.secretView()
2022-04-17 17:24:32 [INFO] [ip]0:0:0:0:0:0:0:1 [Controller]SecretBoardController.secretView()
2022-04-17 17:24:43 [INFO] [ip]0:0:0:0:0:0:0:1 [Controller]SecretBoardController.secretBoardinsert()
2022-04-17 17:24:45 [INFO] [ip]0:0:0:0:0:0:0:1 [Controller]SecretBoardController.secretBoardList()
2022-04-17 17:24:47 [INFO] [ip]0:0:0:0:0:0:0:1 [Controller]FreeBoardController.freeBoardinsert()
2022-04-17 17:24:48 [INFO] [ip]0:0:0:0:0:0:0:1 [Controller]FreeBoardController.freeBoardList()
2022-04-17 17:24:51 [INFO] [ip]0:0:0:0:0:0:0:1 [Controller]MindPostController.MindPostList()
2022-04-17 17:24:54 [INFO] [ip]0:0:0:0:0:0:0:1 [Controller]SecretBoardController.secretBoardinsert()
2022-04-17 17:24:55 [INFO] [ip]0:0:0:0:0:0:0:1 [Controller]SecretBoardController.secretBoardList()
2022-04-17 17:24:58 [INFO] [ip]0:0:0:0:0:0:0:1 [Controller]SecretBoardController.secretView()
2022-04-17 17:26:10 [INFO] [ip]0:0:0:0:0:0:0:1 [Controller]SecretBoardController.secretView()
2022-04-17 17:29:06 [INFO] Root WebApplicationContext: initialization started
2022-04-17 17:29:08 [INFO] Root WebApplicationContext initialized in 2523 ms
2022-04-17 17:29:09 [INFO] Initializing Servlet 'appServlet'
2022-04-17 17:29:13 [INFO] Completed initialization in 4826 ms
2022-04-17 17:29:14 [INFO] [ip]127.0.0.1 [Controller]SecretBoardController.secretBoardinsert()
2022-04-17 17:29:15 [INFO] [ip]127.0.0.1 [Controller]SecretBoardController.secretBoardList()
2022-04-17 17:29:23 [INFO] [ip]127.0.0.1 [Controller]FreeBoardController.freeBoardinsert()
2022-04-17 17:29:24 [INFO] [ip]127.0.0.1 [Controller]FreeBoardController.freeBoardList()
2022-04-17 17:30:12 [INFO] [ip]0:0:0:0:0:0:0:1 [Controller]SecretBoardController.secretBoardinsert()
2022-04-17 17:30:14 [INFO] [ip]0:0:0:0:0:0:0:1 [Controller]SecretBoardController.secretBoardList()
2022-04-17 17:30:18 [INFO] [ip]0:0:0:0:0:0:0:1 [Controller]SecretBoardController.secretBoardinsert()
2022-04-17 17:31:03 [INFO] [ip]0:0:0:0:0:0:0:1 [Controller]SecretBoardController.secretBoardinsert()
2022-04-17 17:31:10 [INFO] [ip]0:0:0:0:0:0:0:1 [Controller]SecretBoardController.secretBoardList()
2022-04-17 17:31:13 [INFO] [ip]0:0:0:0:0:0:0:1 [Controller]SecretBoardController.secretView()
2022-04-17 17:31:19 [INFO] [ip]0:0:0:0:0:0:0:1 [Controller]WorryBoardController.worryBoard()
2022-04-17 17:31:20 [INFO] [ip]0:0:0:0:0:0:0:1 [Controller]WorryBoardController.worryList()
2022-04-17 17:31:23 [INFO] [ip]0:0:0:0:0:0:0:1 [Controller]WorryBoardController.worryList()
2022-04-17 17:31:23 [INFO] [ip]0:0:0:0:0:0:0:1 [Controller]WorryBoardController.worryList()
2022-04-17 17:31:23 [INFO] [ip]0:0:0:0:0:0:0:1 [Controller]WorryBoardController.worryList()
2022-04-17 17:31:23 [INFO] [ip]0:0:0:0:0:0:0:1 [Controller]WorryBoardController.worryList()
2022-04-17 17:31:23 [INFO] [ip]0:0:0:0:0:0:0:1 [Controller]WorryBoardController.worryList()
2022-04-17 17:31:23 [INFO] [ip]0:0:0:0:0:0:0:1 [Controller]WorryBoardController.worryList()
2022-04-17 17:31:24 [INFO] [ip]0:0:0:0:0:0:0:1 [Controller]WorryBoardController.worryList()
2022-04-17 17:31:24 [INFO] [ip]0:0:0:0:0:0:0:1 [Controller]WorryBoardController.worryList()
2022-04-17 17:31:24 [INFO] [ip]0:0:0:0:0:0:0:1 [Controller]WorryBoardController.worryList()
2022-04-17 17:31:24 [INFO] [ip]0:0:0:0:0:0:0:1 [Controller]WorryBoardController.worryList()
2022-04-17 17:31:29 [INFO] [ip]0:0:0:0:0:0:0:1 [Controller]WorryBoardController.worryView()
2022-04-17 17:31:38 [INFO] [ip]0:0:0:0:0:0:0:1 [Controller]PopupController.layerPopup()
2022-04-17 17:31:40 [INFO] [ip]0:0:0:0:0:0:0:1 [Controller]PopupController.layerPopup()
2022-04-17 17:31:46 [INFO] [ip]0:0:0:0:0:0:0:1 [Controller]EmailLoginController.emailLogin()
2022-04-17 17:31:47 [INFO] [ip]0:0:0:0:0:0:0:1 [Controller]WorryBoardController.worryView()
2022-04-17 17:31:50 [INFO] [ip]0:0:0:0:0:0:0:1 [Controller]PopupController.layerPopup()
2022-04-17 17:31:52 [INFO] [ip]0:0:0:0:0:0:0:1 [Controller]PopupController.layerPopup()
2022-04-17 17:31:58 [INFO] [ip]0:0:0:0:0:0:0:1 [Controller]EmailLoginController.emailLogin()
2022-04-17 17:31:59 [INFO] [ip]0:0:0:0:0:0:0:1 [Controller]WorryBoardController.worryView()
2022-04-17 17:32:03 [INFO] [ip]0:0:0:0:0:0:0:1 [Controller]ReplyController.insertReply()
2022-04-17 17:32:04 [INFO] [ip]0:0:0:0:0:0:0:1 [Controller]ReplyController.selectList()
2022-04-17 17:32:54 [INFO] [ip]0:0:0:0:0:0:0:1 [Controller]WorryBoardController.worryView()
2022-04-17 17:33:06 [INFO] [ip]0:0:0:0:0:0:0:1 [Controller]ReplyController.deleteReply()
2022-04-17 17:33:06 [INFO] [ip]0:0:0:0:0:0:0:1 [Controller]ReplyController.selectList()
2022-04-17 17:33:09 [INFO] [ip]0:0:0:0:0:0:0:1 [Controller]ReplyController.deleteReply()
2022-04-17 17:33:10 [INFO] [ip]0:0:0:0:0:0:0:1 [Controller]ReplyController.selectList()
2022-04-17 17:33:13 [INFO] [ip]0:0:0:0:0:0:0:1 [Controller]ReplyController.deleteReply()
2022-04-17 17:33:13 [INFO] [ip]0:0:0:0:0:0:0:1 [Controller]ReplyController.selectList()
2022-04-17 17:33:16 [INFO] [ip]0:0:0:0:0:0:0:1 [Controller]ReplyController.deleteReply()
2022-04-17 17:33:17 [INFO] [ip]0:0:0:0:0:0:0:1 [Controller]ReplyController.selectList()
2022-04-17 17:35:31 [INFO] Root WebApplicationContext: initialization started
2022-04-17 17:35:33 [INFO] Root WebApplicationContext initialized in 2176 ms
2022-04-17 17:35:33 [INFO] Initializing Servlet 'appServlet'
2022-04-17 17:35:38 [INFO] Completed initialization in 4486 ms
2022-04-17 17:36:55 [INFO] [ip]0:0:0:0:0:0:0:1 [Controller]WorryBoardController.worryView()
2022-04-17 17:37:01 [INFO] [ip]0:0:0:0:0:0:0:1 [Controller]WorryBoardController.worryBoard()
2022-04-17 17:37:03 [INFO] [ip]0:0:0:0:0:0:0:1 [Controller]WorryBoardController.worryList()
2022-04-17 17:37:11 [INFO] [ip]0:0:0:0:0:0:0:1 [Controller]WorryBoardController.worryList()
2022-04-17 17:37:11 [INFO] [ip]0:0:0:0:0:0:0:1 [Controller]WorryBoardController.worryList()
2022-04-17 17:37:11 [INFO] [ip]0:0:0:0:0:0:0:1 [Controller]WorryBoardController.worryList()
2022-04-17 17:37:11 [INFO] [ip]0:0:0:0:0:0:0:1 [Controller]WorryBoardController.worryList()
2022-04-17 17:37:11 [INFO] [ip]0:0:0:0:0:0:0:1 [Controller]WorryBoardController.worryList()
2022-04-17 17:37:11 [INFO] [ip]0:0:0:0:0:0:0:1 [Controller]WorryBoardController.worryList()
2022-04-17 17:37:11 [INFO] [ip]0:0:0:0:0:0:0:1 [Controller]WorryBoardController.worryList()
2022-04-17 17:37:11 [INFO] [ip]0:0:0:0:0:0:0:1 [Controller]WorryBoardController.worryList()
2022-04-17 17:37:11 [INFO] [ip]0:0:0:0:0:0:0:1 [Controller]WorryBoardController.worryList()
2022-04-17 17:37:11 [INFO] [ip]0:0:0:0:0:0:0:1 [Controller]WorryBoardController.worryList()
2022-04-17 17:37:46 [INFO] Root WebApplicationContext: initialization started
2022-04-17 17:37:48 [INFO] Root WebApplicationContext initialized in 2463 ms
2022-04-17 17:37:48 [INFO] Initializing Servlet 'appServlet'
2022-04-17 17:37:53 [INFO] Completed initialization in 5006 ms
2022-04-17 17:37:54 [INFO] [ip]0:0:0:0:0:0:0:1 [Controller]PopupController.layerPopup()
2022-04-17 17:37:54 [INFO] [ip]0:0:0:0:0:0:0:1 [Controller]SecretBoardController.secretBoardinsert()
2022-04-17 17:37:55 [INFO] [ip]0:0:0:0:0:0:0:1 [Controller]SecretBoardController.secretBoardList()
2022-04-17 17:39:33 [INFO] [ip]0:0:0:0:0:0:0:1 [Controller]SecretBoardController.secretBoardList()
2022-04-17 17:39:35 [INFO] [ip]0:0:0:0:0:0:0:1 [Controller]SecretBoardController.secretView()
2022-04-17 17:41:11 [INFO] [ip]0:0:0:0:0:0:0:1 [Controller]SecretBoardController.secretView()
2022-04-17 17:42:10 [INFO] [ip]0:0:0:0:0:0:0:1 [Controller]SecretBoardController.secretView()
2022-04-17 17:43:48 [INFO] [ip]0:0:0:0:0:0:0:1 [Controller]SecretBoardController.secretView()
2022-04-17 17:44:49 [INFO] [ip]0:0:0:0:0:0:0:1 [Controller]PopupController.layerPopup()
2022-04-17 17:44:50 [INFO] [ip]0:0:0:0:0:0:0:1 [Controller]PopupController.layerPopup()
2022-04-17 17:44:58 [INFO] [ip]0:0:0:0:0:0:0:1 [Controller]EmailLoginController.emailLogin()
2022-04-17 17:44:58 [INFO] [ip]0:0:0:0:0:0:0:1 [Controller]SecretBoardController.secretView()
2022-04-17 17:45:03 [INFO] [ip]0:0:0:0:0:0:0:1 [Controller]ReplyController.insertReply()
2022-04-17 17:45:03 [INFO] [ip]0:0:0:0:0:0:0:1 [Controller]ReplyController.selectList()
2022-04-17 17:45:51 [INFO] [ip]0:0:0:0:0:0:0:1 [Controller]SecretBoardController.secretView()
2022-04-17 17:48:03 [INFO] [ip]0:0:0:0:0:0:0:1 [Controller]SecretBoardController.secretView()
2022-04-17 17:48:47 [INFO] [ip]0:0:0:0:0:0:0:1 [Controller]SecretBoardController.secretView()
2022-04-17 17:49:30 [INFO] [ip]0:0:0:0:0:0:0:1 [Controller]SecretBoardController.secretView()
2022-04-17 17:49:41 [INFO] [ip]0:0:0:0:0:0:0:1 [Controller]SecretBoardController.secretBoardinsert()
2022-04-17 17:49:42 [INFO] [ip]0:0:0:0:0:0:0:1 [Controller]SecretBoardController.secretBoardList()
2022-04-17 17:49:45 [INFO] [ip]0:0:0:0:0:0:0:1 [Controller]SecretBoardController.secretBoardList()
2022-04-17 17:49:46 [INFO] [ip]0:0:0:0:0:0:0:1 [Controller]SecretBoardController.secretView()
2022-04-17 17:50:27 [INFO] [ip]0:0:0:0:0:0:0:1 [Controller]SecretBoardController.secretView()
2022-04-17 17:51:20 [INFO] [ip]0:0:0:0:0:0:0:1 [Controller]FreeBoardController.freeBoardinsert()
2022-04-17 17:51:22 [INFO] [ip]0:0:0:0:0:0:0:1 [Controller]FreeBoardController.freeBoardList()
2022-04-17 17:51:23 [INFO] [ip]0:0:0:0:0:0:0:1 [Controller]FreeBoardController.SecretView()
2022-04-17 17:51:55 [INFO] [ip]0:0:0:0:0:0:0:1 [Controller]SecretBoardController.secretBoardinsert()
2022-04-17 17:51:56 [INFO] [ip]0:0:0:0:0:0:0:1 [Controller]SecretBoardController.secretBoardList()
2022-04-17 17:51:58 [INFO] [ip]0:0:0:0:0:0:0:1 [Controller]SecretBoardController.secretView()
2022-04-17 17:53:41 [INFO] [ip]0:0:0:0:0:0:0:1 [Controller]FreeBoardController.freeBoardinsert()
2022-04-17 17:53:43 [INFO] [ip]0:0:0:0:0:0:0:1 [Controller]FreeBoardController.freeBoardList()
2022-04-17 17:53:44 [INFO] [ip]0:0:0:0:0:0:0:1 [Controller]FreeBoardController.SecretView()
2022-04-17 17:54:06 [INFO] [ip]0:0:0:0:0:0:0:1 [Controller]SecretBoardController.secretBoardinsert()
2022-04-17 17:54:08 [INFO] [ip]0:0:0:0:0:0:0:1 [Controller]SecretBoardController.secretBoardList()
2022-04-17 17:54:09 [INFO] [ip]0:0:0:0:0:0:0:1 [Controller]SecretBoardController.secretView()
2022-04-17 17:54:19 [INFO] [ip]0:0:0:0:0:0:0:1 [Controller]FreeBoardController.freeBoardinsert()
2022-04-17 17:54:21 [INFO] [ip]0:0:0:0:0:0:0:1 [Controller]FreeBoardController.freeBoardList()
2022-04-17 17:54:26 [INFO] [ip]0:0:0:0:0:0:0:1 [Controller]FreeBoardController.freeBoardinsert()
2022-04-17 17:54:26 [INFO] [ip]0:0:0:0:0:0:0:1 [Controller]FreeBoardController.freeBoardList()
2022-04-17 17:54:29 [INFO] [ip]0:0:0:0:0:0:0:1 [Controller]FreeBoardController.SecretView()
2022-04-17 17:55:05 [INFO] [ip]0:0:0:0:0:0:0:1 [Controller]SecretBoardController.secretBoardinsert()
2022-04-17 17:55:06 [INFO] [ip]0:0:0:0:0:0:0:1 [Controller]SecretBoardController.secretBoardList()
2022-04-17 17:55:07 [INFO] [ip]0:0:0:0:0:0:0:1 [Controller]SecretBoardController.secretView()
2022-04-17 17:56:59 [INFO] [ip]0:0:0:0:0:0:0:1 [Controller]SecretBoardController.secretView()
2022-04-17 17:57:02 [INFO] [ip]0:0:0:0:0:0:0:1 [Controller]SecretBoardController.secretView()
2022-04-17 17:57:08 [INFO] [ip]0:0:0:0:0:0:0:1 [Controller]FreeBoardController.freeBoardinsert()
2022-04-17 17:57:09 [INFO] [ip]0:0:0:0:0:0:0:1 [Controller]FreeBoardController.freeBoardList()
2022-04-17 17:57:11 [INFO] [ip]0:0:0:0:0:0:0:1 [Controller]FreeBoardController.freeBoardinsert()
2022-04-17 17:57:20 [INFO] [ip]0:0:0:0:0:0:0:1 [Controller]FreeBoardController.freeBoardList()
2022-04-17 17:57:22 [INFO] [ip]0:0:0:0:0:0:0:1 [Controller]FreeBoardController.SecretView()
2022-04-17 17:57:28 [INFO] [ip]0:0:0:0:0:0:0:1 [Controller]ReplyController.insertReply()
2022-04-17 17:57:28 [INFO] [ip]0:0:0:0:0:0:0:1 [Controller]ReplyController.selectList()
2022-04-17 17:57:32 [INFO] [ip]0:0:0:0:0:0:0:1 [Controller]ReplyController.deleteReply()
2022-04-17 17:57:33 [INFO] [ip]0:0:0:0:0:0:0:1 [Controller]ReplyController.selectList()
2022-04-17 17:57:41 [INFO] [ip]0:0:0:0:0:0:0:1 [Controller]ReplyController.insertReply()
2022-04-17 17:57:43 [INFO] [ip]0:0:0:0:0:0:0:1 [Controller]ReplyController.insertReply()
2022-04-17 17:57:45 [INFO] [ip]0:0:0:0:0:0:0:1 [Controller]ReplyController.insertReply()
2022-04-17 17:57:45 [INFO] [ip]0:0:0:0:0:0:0:1 [Controller]ReplyController.insertReply()
2022-04-17 17:57:46 [INFO] [ip]0:0:0:0:0:0:0:1 [Controller]ReplyController.insertReply()
2022-04-17 17:57:46 [INFO] [ip]0:0:0:0:0:0:0:1 [Controller]ReplyController.insertReply()
2022-04-17 17:57:52 [INFO] [ip]0:0:0:0:0:0:0:1 [Controller]ReplyController.insertReply()
2022-04-17 17:57:52 [INFO] [ip]0:0:0:0:0:0:0:1 [Controller]ReplyController.selectList()
2022-04-17 17:57:57 [INFO] [ip]0:0:0:0:0:0:0:1 [Controller]FreeBoardController.SecretView()
2022-04-17 17:58:02 [INFO] [ip]0:0:0:0:0:0:0:1 [Controller]ReplyController.deleteReply()
2022-04-17 17:58:02 [INFO] [ip]0:0:0:0:0:0:0:1 [Controller]ReplyController.selectList()
2022-04-17 17:59:01 [INFO] Root WebApplicationContext: initialization started
2022-04-17 17:59:04 [INFO] Root WebApplicationContext initialized in 2253 ms
2022-04-17 17:59:04 [INFO] Initializing Servlet 'appServlet'
2022-04-17 17:59:08 [INFO] Completed initialization in 4405 ms
2022-04-17 17:59:08 [INFO] [ip]127.0.0.1 [Controller]SecretBoardController.secretBoardinsert()
2022-04-17 17:59:10 [INFO] [ip]127.0.0.1 [Controller]SecretBoardController.secretBoardList()
2022-04-17 17:59:47 [INFO] [ip]0:0:0:0:0:0:0:1 [Controller]SecretBoardController.secretView()
2022-04-17 18:00:49 [INFO] [ip]0:0:0:0:0:0:0:1 [Controller]SecretBoardController.secretView()
2022-04-17 18:00:52 [INFO] [ip]0:0:0:0:0:0:0:1 [Controller]SecretBoardController.secretView()
2022-04-17 18:01:06 [INFO] [ip]0:0:0:0:0:0:0:1 [Controller]SecretBoardController.secretView()
2022-04-17 18:01:09 [INFO] [ip]0:0:0:0:0:0:0:1 [Controller]SecretBoardController.secretView()
2022-04-17 18:01:20 [INFO] [ip]0:0:0:0:0:0:0:1 [Controller]SecretBoardController.secretBoardinsert()
2022-04-17 18:01:22 [INFO] [ip]0:0:0:0:0:0:0:1 [Controller]SecretBoardController.secretBoardList()
2022-04-17 18:01:24 [INFO] [ip]0:0:0:0:0:0:0:1 [Controller]SecretBoardController.secretView()
2022-04-17 18:02:16 [INFO] [ip]0:0:0:0:0:0:0:1 [Controller]SecretBoardController.secretView()
2022-04-17 18:02:41 [INFO] [ip]0:0:0:0:0:0:0:1 [Controller]SecretBoardController.secretBoardinsert()
2022-04-17 18:02:42 [INFO] [ip]0:0:0:0:0:0:0:1 [Controller]SecretBoardController.secretBoardList()
2022-04-17 18:02:44 [INFO] [ip]0:0:0:0:0:0:0:1 [Controller]SecretBoardController.secretView()
2022-04-17 18:33:26 [INFO] Root WebApplicationContext: initialization started
2022-04-17 18:33:29 [INFO] Root WebApplicationContext initialized in 2512 ms
2022-04-17 18:33:29 [INFO] Initializing Servlet 'appServlet'
2022-04-17 18:33:34 [INFO] Completed initialization in 5004 ms
2022-04-17 18:33:35 [INFO] [ip]0:0:0:0:0:0:0:1 [Controller]HomeController.home()
2022-04-17 20:00:27 [INFO] Root WebApplicationContext: initialization started
2022-04-17 20:00:30 [INFO] Root WebApplicationContext initialized in 2411 ms
2022-04-17 20:00:30 [INFO] Initializing Servlet 'appServlet'
2022-04-17 20:00:35 [INFO] Completed initialization in 4911 ms
2022-04-17 20:00:35 [INFO] [ip]0:0:0:0:0:0:0:1 [Controller]HomeController.home()
2022-04-17 20:00:44 [INFO] [ip]0:0:0:0:0:0:0:1 [Controller]PopupController.layerPopup()
2022-04-17 20:00:45 [INFO] [ip]0:0:0:0:0:0:0:1 [Controller]PopupController.layerPopup()
2022-04-17 20:00:46 [INFO] [ip]0:0:0:0:0:0:0:1 [Controller]PopupController.layerPopup()
2022-04-17 20:03:21 [INFO] [ip]0:0:0:0:0:0:0:1 [Controller]PopupController.layerPopup()
2022-04-17 20:03:22 [INFO] [ip]0:0:0:0:0:0:0:1 [Controller]PopupController.layerPopup()
2022-04-17 20:03:24 [INFO] [ip]0:0:0:0:0:0:0:1 [Controller]HomeController.home()
2022-04-17 20:03:27 [INFO] [ip]0:0:0:0:0:0:0:1 [Controller]PopupController.layerPopup()
2022-04-17 20:03:28 [INFO] [ip]0:0:0:0:0:0:0:1 [Controller]PopupController.layerPopup()
2022-04-17 20:03:30 [INFO] [ip]0:0:0:0:0:0:0:1 [Controller]PopupController.layerPopup()
2022-04-17 20:03:34 [INFO] [ip]0:0:0:0:0:0:0:1 [Controller]PopupController.layerPopup()
2022-04-17 20:03:38 [INFO] [ip]0:0:0:0:0:0:0:1 [Controller]PopupController.layerPopup()
2022-04-17 20:03:44 [INFO] [ip]0:0:0:0:0:0:0:1 [Controller]PopupController.layerPopup()
2022-04-17 20:03:45 [INFO] [ip]0:0:0:0:0:0:0:1 [Controller]PopupController.layerPopup()
2022-04-17 20:03:46 [INFO] [ip]0:0:0:0:0:0:0:1 [Controller]PopupController.layerPopup()
2022-04-17 20:04:03 [INFO] [ip]0:0:0:0:0:0:0:1 [Controller]PopupController.layerPopup()
2022-04-17 20:04:07 [INFO] [ip]0:0:0:0:0:0:0:1 [Controller]PopupController.layerPopup()
2022-04-17 20:04:08 [INFO] [ip]0:0:0:0:0:0:0:1 [Controller]PopupController.layerPopup()
2022-04-17 20:04:14 [INFO] [ip]0:0:0:0:0:0:0:1 [Controller]HomeController.home()
2022-04-17 20:04:15 [INFO] [ip]0:0:0:0:0:0:0:1 [Controller]PopupController.layerPopup()
2022-04-17 20:04:16 [INFO] [ip]0:0:0:0:0:0:0:1 [Controller]PopupController.layerPopup()
2022-04-17 20:04:20 [INFO] [ip]0:0:0:0:0:0:0:1 [Controller]SignUpController.idDupCheck()
2022-04-17 20:04:22 [INFO] [ip]0:0:0:0:0:0:0:1 [Controller]SignUpController.mailCheckGET()
2022-04-17 20:04:22 [INFO]    
2022-04-17 20:04:22 [INFO]  : wmd27311@jiooq.com
2022-04-17 20:04:24 [INFO] [ip]0:0:0:0:0:0:0:1 [Controller]SignUpController.mailCheckGET()
2022-04-17 20:04:24 [INFO]    
2022-04-17 20:04:24 [INFO]  : wmd27311@jiooq.com
2022-04-17 20:05:35 [INFO] [ip]0:0:0:0:0:0:0:1 [Controller]SignUpController.mailCheckGET()
2022-04-17 20:05:35 [INFO]    
2022-04-17 20:05:35 [INFO]  : wmd27311@jiooq.com
2022-04-17 20:05:37 [INFO] [ip]0:0:0:0:0:0:0:1 [Controller]SignUpController.mailCheckGET()
2022-04-17 20:05:37 [INFO]    
2022-04-17 20:05:37 [INFO]  : wmd27311@jiooq.com
2022-04-17 23:05:16 [INFO] Root WebApplicationContext: initialization started
2022-04-17 23:05:19 [INFO] Root WebApplicationContext initialized in 2825 ms
2022-04-17 23:05:19 [INFO] Initializing Servlet 'appServlet'
2022-04-17 23:05:25 [INFO] Completed initialization in 5295 ms
2022-04-17 23:05:27 [INFO] [ip]0:0:0:0:0:0:0:1 [Controller]HomeController.home()
2022-04-17 23:06:24 [INFO] [ip]0:0:0:0:0:0:0:1 [Controller]PopupController.layerPopup()
2022-04-17 23:06:27 [INFO] [ip]0:0:0:0:0:0:0:1 [Controller]PopupController.layerPopup()
2022-04-17 23:06:45 [INFO] [ip]0:0:0:0:0:0:0:1 [Controller]SignUpController.idDupCheck()
2022-04-17 23:06:47 [INFO] [ip]0:0:0:0:0:0:0:1 [Controller]SignUpController.mailCheckGET()
2022-04-17 23:06:47 [INFO]    
2022-04-17 23:06:47 [INFO]  : pob99857@zcrcd.com
2022-04-17 23:06:54 [INFO] [ip]0:0:0:0:0:0:0:1 [Controller]SignUpController.mailCheckGET()
2022-04-17 23:06:54 [INFO]    
2022-04-17 23:06:54 [INFO]  : pob99857@zcrcd.com
2022-04-17 23:06:59 [INFO] [ip]0:0:0:0:0:0:0:1 [Controller]SignUpController.mailCheckGET()
2022-04-17 23:06:59 [INFO]    
2022-04-17 23:06:59 [INFO]  : pob99857@zcrcd.com
2022-04-17 23:07:09 [INFO] [ip]0:0:0:0:0:0:0:1 [Controller]SignUpController.mailCheckGET()
2022-04-17 23:07:09 [INFO]    
2022-04-17 23:07:09 [INFO]  : pob99857@zcrcd.com
2022-04-17 23:09:05 [INFO] [ip]0:0:0:0:0:0:0:1 [Controller]SignUpController.nickNmDupCheck()
2022-04-17 23:09:06 [INFO] [ip]0:0:0:0:0:0:0:1 [Controller]SignUpController.nickNmDupCheck()
2022-04-17 23:09:10 [INFO] [ip]0:0:0:0:0:0:0:1 [Controller]SignUpController.nickNmDupCheck()
2022-04-17 23:09:10 [INFO] [ip]0:0:0:0:0:0:0:1 [Controller]SignUpController.nickNmDupCheck()
2022-04-17 23:09:43 [INFO] [ip]0:0:0:0:0:0:0:1 [Controller]SignUpController.signUp()
2022-04-17 23:09:44 [INFO] [ip]0:0:0:0:0:0:0:1 [Controller]HomeController.home()
2022-04-17 23:09:47 [INFO] [ip]0:0:0:0:0:0:0:1 [Controller]PopupController.layerPopup()
2022-04-17 23:59:03 [INFO] Root WebApplicationContext: initialization started
2022-04-17 23:59:06 [INFO] Root WebApplicationContext initialized in 3113 ms
2022-04-17 23:59:06 [INFO] Initializing Servlet 'appServlet'
2022-04-17 23:59:11 [INFO] Completed initialization in 5092 ms
2022-04-17 23:59:12 [INFO] [ip]0:0:0:0:0:0:0:1 [Controller]HomeController.home()
2022-04-17 23:59:22 [INFO] [ip]0:0:0:0:0:0:0:1 [Controller]PopupController.layerPopup()
2022-04-17 23:59:24 [INFO] [ip]0:0:0:0:0:0:0:1 [Controller]PopupController.layerPopup()
2022-04-17 23:59:25 [INFO] [ip]0:0:0:0:0:0:0:1 [Controller]SignUpController.idDupCheck()
2022-04-17 23:59:27 [INFO] [ip]0:0:0:0:0:0:0:1 [Controller]SignUpController.mailCheckGET()
2022-04-17 23:59:27 [INFO]    
2022-04-17 23:59:27 [INFO]  : yjl70523@zcrcd.com
2022-04-17 23:59:54 [INFO] Root WebApplicationContext: initialization started
2022-04-17 23:59:56 [INFO] Root WebApplicationContext initialized in 2209 ms
2022-04-17 23:59:56 [INFO] Initializing Servlet 'appServlet'
2022-04-18 00:00:00 [INFO] Completed initialization in 4587 ms
2022-04-18 00:00:30 [INFO] Root WebApplicationContext: initialization started
2022-04-18 00:00:32 [INFO] Root WebApplicationContext initialized in 2428 ms
2022-04-18 00:00:32 [INFO] Initializing Servlet 'appServlet'
2022-04-18 00:00:37 [INFO] Completed initialization in 4766 ms
2022-04-18 00:00:58 [INFO] [ip]0:0:0:0:0:0:0:1 [Controller]SignUpController.mailCheckGET()
2022-04-18 00:00:58 [INFO]    
2022-04-18 00:00:58 [INFO]  : yjl70523@zcrcd.com
2022-04-18 16:27:30 [INFO] Root WebApplicationContext: initialization started
2022-04-18 16:27:33 [INFO] Root WebApplicationContext initialized in 2437 ms
2022-04-18 16:27:33 [INFO] Initializing Servlet 'appServlet'
2022-04-18 16:27:37 [INFO] Completed initialization in 4599 ms
2022-04-18 16:27:38 [INFO] [ip]0:0:0:0:0:0:0:1 [Controller]HomeController.home()
2022-04-18 16:30:41 [INFO] [ip]0:0:0:0:0:0:0:1 [Controller]PopupController.layerPopup()
2022-04-18 16:30:42 [INFO] [ip]0:0:0:0:0:0:0:1 [Controller]PopupController.layerPopup()
2022-04-18 16:30:49 [INFO] [ip]0:0:0:0:0:0:0:1 [Controller]EmailLoginController.emailLogin()
2022-04-18 16:30:50 [INFO] [ip]0:0:0:0:0:0:0:1 [Controller]HomeController.home()
2022-04-18 16:30:52 [INFO] [ip]0:0:0:0:0:0:0:1 [Controller]MyController.myBoardList()
2022-04-18 16:31:06 [INFO] [ip]0:0:0:0:0:0:0:1 [Controller]MyController.myBoardList()
2022-04-18 16:31:19 [INFO] [ip]0:0:0:0:0:0:0:1 [Controller]MyController.myBoardList()
2022-04-18 16:31:20 [INFO] [ip]0:0:0:0:0:0:0:1 [Controller]MyRestController.myBoardList()
2022-04-18 16:31:27 [INFO] [ip]0:0:0:0:0:0:0:1 [Controller]FreeBoardController.SecretView()
2022-04-18 16:31:30 [INFO] [ip]0:0:0:0:0:0:0:1 [Controller]MyController.myBoardList()
2022-04-18 16:31:30 [INFO] [ip]0:0:0:0:0:0:0:1 [Controller]MyRestController.myBoardList()
2022-04-18 16:35:43 [INFO] [ip]0:0:0:0:0:0:0:1 [Controller]MyController.myBoardList()
2022-04-18 16:35:44 [INFO] [ip]0:0:0:0:0:0:0:1 [Controller]MyRestController.myBoardList()
2022-04-18 16:35:47 [INFO] [ip]0:0:0:0:0:0:0:1 [Controller]SecretBoardController.secretView()
2022-04-18 16:35:53 [INFO] [ip]0:0:0:0:0:0:0:1 [Controller]MyController.myBoardList()
2022-04-18 16:35:53 [INFO] [ip]0:0:0:0:0:0:0:1 [Controller]MyRestController.myBoardList()
2022-04-18 16:35:56 [INFO] [ip]0:0:0:0:0:0:0:1 [Controller]FreeBoardController.SecretView()
2022-04-18 16:36:00 [INFO] [ip]0:0:0:0:0:0:0:1 [Controller]MyController.myBoardList()
2022-04-18 16:36:01 [INFO] [ip]0:0:0:0:0:0:0:1 [Controller]MyRestController.myBoardList()
2022-04-18 16:36:03 [INFO] [ip]0:0:0:0:0:0:0:1 [Controller]WorryBoardController.worryView()
2022-04-18 16:36:07 [INFO] [ip]0:0:0:0:0:0:0:1 [Controller]MyController.myBoardList()
2022-04-18 16:36:07 [INFO] [ip]0:0:0:0:0:0:0:1 [Controller]MyRestController.myBoardList()
2022-04-18 16:36:12 [INFO] [ip]0:0:0:0:0:0:0:1 [Controller]MindPostController.MindPostList()
2022-04-18 16:36:14 [INFO] [ip]0:0:0:0:0:0:0:1 [Controller]MindPostController.updatePost()
2022-04-18 16:36:16 [INFO] [ip]0:0:0:0:0:0:0:1 [Controller]MindPostController.updatePost()
2022-04-18 16:36:16 [INFO] [ip]0:0:0:0:0:0:0:1 [Controller]MindPostController.updatePost()
2022-04-18 16:36:17 [INFO] [ip]0:0:0:0:0:0:0:1 [Controller]MindPostController.updatePost()
2022-04-18 16:36:18 [INFO] [ip]0:0:0:0:0:0:0:1 [Controller]MindPostController.updatePost()
2022-04-18 16:36:18 [INFO] [ip]0:0:0:0:0:0:0:1 [Controller]MindPostController.updatePost()
2022-04-18 16:39:23 [INFO] [ip]0:0:0:0:0:0:0:1 [Controller]MyController.emotionRecord()
2022-04-18 16:39:27 [INFO] [ip]0:0:0:0:0:0:0:1 [Controller]MyController.myBoardList()
2022-04-18 16:39:28 [INFO] [ip]0:0:0:0:0:0:0:1 [Controller]MyRestController.myBoardList()
2022-04-18 16:39:31 [INFO] [ip]0:0:0:0:0:0:0:1 [Controller]MyRestController.myBoardList()
2022-04-18 16:39:35 [INFO] [ip]0:0:0:0:0:0:0:1 [Controller]WorryBoardController.worryBoard()
2022-04-18 16:39:35 [INFO] [ip]0:0:0:0:0:0:0:1 [Controller]WorryBoardController.worryList()
2022-04-18 16:39:36 [INFO] [ip]0:0:0:0:0:0:0:1 [Controller]MindPostController.MindPostList()
2022-04-18 16:39:37 [INFO] [ip]0:0:0:0:0:0:0:1 [Controller]PopupController.layerPopup()
2022-04-18 16:39:44 [INFO] [ip]0:0:0:0:0:0:0:1 [Controller]MindPostController.postInsert()
2022-04-18 16:39:45 [INFO] [ip]0:0:0:0:0:0:0:1 [Controller]MindPostController.MindPostList()
2022-04-18 16:39:48 [INFO] [ip]0:0:0:0:0:0:0:1 [Controller]MindPostController.updatePost()
2022-04-18 16:39:50 [INFO] [ip]0:0:0:0:0:0:0:1 [Controller]MyController.myBoardList()
2022-04-18 16:39:50 [INFO] [ip]0:0:0:0:0:0:0:1 [Controller]MyRestController.myBoardList()
2022-04-18 16:39:53 [INFO] [ip]0:0:0:0:0:0:0:1 [Controller]MyRestController.myBoardList()
2022-04-18 16:40:09 [INFO] [ip]0:0:0:0:0:0:0:1 [Controller]MyController.myBoardList()
2022-04-18 16:40:10 [INFO] [ip]0:0:0:0:0:0:0:1 [Controller]MyRestController.myBoardList()
2022-04-18 16:40:13 [INFO] [ip]0:0:0:0:0:0:0:1 [Controller]WorryBoardController.worryView()
2022-04-18 16:40:16 [INFO] [ip]0:0:0:0:0:0:0:1 [Controller]MyController.myBoardList()
2022-04-18 16:40:17 [INFO] [ip]0:0:0:0:0:0:0:1 [Controller]MyRestController.myBoardList()
2022-04-18 16:40:18 [INFO] [ip]0:0:0:0:0:0:0:1 [Controller]SecretBoardController.secretView()
2022-04-18 16:40:23 [INFO] [ip]0:0:0:0:0:0:0:1 [Controller]SecretBoardController.secretBoarDelete()
2022-04-18 16:40:23 [INFO] [ip]0:0:0:0:0:0:0:1 [Controller]SecretBoardController.secretBoardinsert()
2022-04-18 16:40:23 [INFO] [ip]0:0:0:0:0:0:0:1 [Controller]SecretBoardController.secretBoardList()
2022-04-18 16:40:26 [INFO] [ip]0:0:0:0:0:0:0:1 [Controller]SecretBoardController.secretView()
2022-04-18 16:40:33 [INFO] [ip]0:0:0:0:0:0:0:1 [Controller]SecretBoardController.secretView()
2022-04-18 16:40:37 [INFO] [ip]0:0:0:0:0:0:0:1 [Controller]FreeBoardController.freeBoardinsert()
2022-04-18 16:40:37 [INFO] [ip]0:0:0:0:0:0:0:1 [Controller]FreeBoardController.freeBoardList()
2022-04-18 16:40:39 [INFO] [ip]0:0:0:0:0:0:0:1 [Controller]FreeBoardController.SecretView()
2022-04-18 16:40:40 [INFO] [ip]0:0:0:0:0:0:0:1 [Controller]FreeBoardController.insertEmpathy()
2022-04-18 16:40:40 [INFO] [ip]0:0:0:0:0:0:0:1 [Controller]FreeBoardController.countEmpathy()
2022-04-18 16:40:41 [INFO] [ip]0:0:0:0:0:0:0:1 [Controller]FreeBoardController.insertEmpathy()
2022-04-18 16:40:41 [INFO] [ip]0:0:0:0:0:0:0:1 [Controller]FreeBoardController.countEmpathy()
2022-04-18 16:40:42 [INFO] [ip]0:0:0:0:0:0:0:1 [Controller]WorryBoardController.worryBoard()
2022-04-18 16:40:42 [INFO] [ip]0:0:0:0:0:0:0:1 [Controller]WorryBoardController.worryList()
2022-04-18 16:40:44 [INFO] [ip]0:0:0:0:0:0:0:1 [Controller]WorryBoardController.worryView()
2022-04-18 16:40:46 [INFO] [ip]0:0:0:0:0:0:0:1 [Controller]SecretBoardController.insertEmpathy()
2022-04-18 16:40:46 [INFO] [ip]0:0:0:0:0:0:0:1 [Controller]SecretBoardController.countEmpathy()
2022-04-18 16:40:46 [INFO] [ip]0:0:0:0:0:0:0:1 [Controller]SecretBoardController.insertEmpathy()
2022-04-18 16:40:47 [INFO] [ip]0:0:0:0:0:0:0:1 [Controller]SecretBoardController.countEmpathy()
2022-04-18 16:40:48 [INFO] [ip]0:0:0:0:0:0:0:1 [Controller]SecretBoardController.secretBoardinsert()
2022-04-18 16:40:48 [INFO] [ip]0:0:0:0:0:0:0:1 [Controller]SecretBoardController.secretBoardList()
2022-04-18 16:40:49 [INFO] [ip]0:0:0:0:0:0:0:1 [Controller]SecretBoardController.secretView()
2022-04-18 16:41:08 [INFO] [ip]0:0:0:0:0:0:0:1 [Controller]SecretBoardController.secretBoardinsert()
2022-04-18 16:41:08 [INFO] [ip]0:0:0:0:0:0:0:1 [Controller]SecretBoardController.secretBoardList()
2022-04-18 16:41:10 [INFO] [ip]0:0:0:0:0:0:0:1 [Controller]SecretBoardController.secretView()
2022-04-18 16:43:30 [INFO] [ip]0:0:0:0:0:0:0:1 [Controller]SecretBoardController.secretView()
2022-04-18 16:44:53 [INFO] [ip]0:0:0:0:0:0:0:1 [Controller]SecretBoardController.secretView()
2022-04-18 16:45:15 [INFO] [ip]0:0:0:0:0:0:0:1 [Controller]SecretBoardController.secretView()
2022-04-18 16:45:17 [INFO] [ip]0:0:0:0:0:0:0:1 [Controller]SecretBoardController.insertEmpathy()
2022-04-18 16:45:18 [INFO] [ip]0:0:0:0:0:0:0:1 [Controller]SecretBoardController.countEmpathy()
2022-04-18 16:45:18 [INFO] [ip]0:0:0:0:0:0:0:1 [Controller]SecretBoardController.insertEmpathy()
2022-04-18 16:45:19 [INFO] [ip]0:0:0:0:0:0:0:1 [Controller]SecretBoardController.countEmpathy()
2022-04-18 16:45:20 [INFO] [ip]0:0:0:0:0:0:0:1 [Controller]SecretBoardController.insertEmpathy()
2022-04-18 16:45:20 [INFO] [ip]0:0:0:0:0:0:0:1 [Controller]SecretBoardController.countEmpathy()
2022-04-18 16:45:20 [INFO] [ip]0:0:0:0:0:0:0:1 [Controller]SecretBoardController.insertEmpathy()
2022-04-18 16:45:20 [INFO] [ip]0:0:0:0:0:0:0:1 [Controller]SecretBoardController.countEmpathy()
2022-04-18 16:45:25 [INFO] [ip]0:0:0:0:0:0:0:1 [Controller]EmailLoginController.logout()
2022-04-18 16:45:25 [INFO] [ip]0:0:0:0:0:0:0:1 [Controller]HomeController.home()
2022-04-18 16:45:28 [INFO] [ip]0:0:0:0:0:0:0:1 [Controller]PopupController.layerPopup()
2022-04-18 16:45:28 [INFO] [ip]0:0:0:0:0:0:0:1 [Controller]PopupController.layerPopup()
2022-04-18 16:53:47 [INFO] [ip]0:0:0:0:0:0:0:1 [Controller]HomeController.home()
2022-04-18 16:53:49 [INFO] [ip]0:0:0:0:0:0:0:1 [Controller]PopupController.layerPopup()
2022-04-18 16:53:50 [INFO] [ip]0:0:0:0:0:0:0:1 [Controller]PopupController.layerPopup()
2022-04-18 16:55:36 [INFO] [ip]0:0:0:0:0:0:0:1 [Controller]HomeController.home()
2022-04-18 16:55:38 [INFO] [ip]0:0:0:0:0:0:0:1 [Controller]PopupController.layerPopup()
2022-04-18 16:55:39 [INFO] [ip]0:0:0:0:0:0:0:1 [Controller]PopupController.layerPopup()
2022-04-18 16:56:59 [INFO] [ip]0:0:0:0:0:0:0:1 [Controller]HomeController.home()
