
1월 03, 2022 11:16:28.542 NEW SESSION
1월 03, 2022 11:16:28.542 [1748:10976:0103/111628.529:ERROR:device_event_log_impl.cc(214)] [11:16:28.529] USB: usb_device_handle_win.cc:1048 Failed to read descriptor from node connection: 시스템에 부착된 장치가 작동하지 않습니다. (0x1F)
1월 03, 2022 11:16:28.542 [1748:10976:0103/111628.529:ERROR:device_event_log_impl.cc(214)] [11:16:28.529] USB: usb_device_handle_win.cc:1048 Failed to read descriptor from node connection: 시스템에 부착된 장치가 작동하지 않습니다. (0x1F)
1월 03, 2022 11:16:28.543 [1748:7024:0103/111628.533:ERROR:chrome_browser_main_extra_parts_metrics.cc(226)] crbug.com/1216328: Checking Bluetooth availability started. Please report if there is no report that this ends.
1월 03, 2022 11:16:28.544 [1748:7024:0103/111628.533:ERROR:chrome_browser_main_extra_parts_metrics.cc(229)] crbug.com/1216328: Checking Bluetooth availability ended.
1월 03, 2022 11:16:28.544 [1748:7024:0103/111628.533:ERROR:chrome_browser_main_extra_parts_metrics.cc(232)] crbug.com/1216328: Checking default browser status started. Please report if there is no report that this ends.
1월 03, 2022 11:16:28.545 [1748:7024:0103/111628.534:ERROR:chrome_browser_main_extra_parts_metrics.cc(236)] crbug.com/1216328: Checking default browser status ended.
1월 03, 2022 14:02:19.646 [1748:10644:0103/140219.646:ERROR:connection_factory_impl.cc(425)] Failed to connect to MCS endpoint with error -106
1월 03, 2022 14:03:34.550 [1748:10976:0103/140334.549:ERROR:interface_endpoint_client.cc(658)] Message 0 rejected by interface blink.mojom.WidgetHost

1월 04, 2022 12:25:48.582 NEW SESSION
1월 04, 2022 12:25:48.582 [6092:1372:0104/122548.580:ERROR:chrome_browser_main_extra_parts_metrics.cc(226)] crbug.com/1216328: Checking Bluetooth availability started. Please report if there is no report that this ends.
1월 04, 2022 12:25:48.583 [6092:1372:0104/122548.580:ERROR:chrome_browser_main_extra_parts_metrics.cc(229)] crbug.com/1216328: Checking Bluetooth availability ended.
1월 04, 2022 12:25:48.583 [6092:1372:0104/122548.580:ERROR:chrome_browser_main_extra_parts_metrics.cc(232)] crbug.com/1216328: Checking default browser status started. Please report if there is no report that this ends.
1월 04, 2022 12:25:48.583 [6092:1812:0104/122548.581:ERROR:device_event_log_impl.cc(214)] [12:25:48.582] USB: usb_device_handle_win.cc:1048 Failed to read descriptor from node connection: 시스템에 부착된 장치가 작동하지 않습니다. (0x1F)
1월 04, 2022 12:25:48.583 [6092:1812:0104/122548.582:ERROR:device_event_log_impl.cc(214)] [12:25:48.582] USB: usb_device_handle_win.cc:1048 Failed to read descriptor from node connection: 시스템에 부착된 장치가 작동하지 않습니다. (0x1F)
1월 04, 2022 12:25:48.586 [6092:1372:0104/122548.586:ERROR:chrome_browser_main_extra_parts_metrics.cc(236)] crbug.com/1216328: Checking default browser status ended.
1월 04, 2022 14:21:34.408 [10516:3688:0104/142134.407:ERROR:chrome_browser_main_extra_parts_metrics.cc(226)] crbug.com/1216328: Checking Bluetooth availability started. Please report if there is no report that this ends.
1월 04, 2022 14:21:34.410 [10516:3688:0104/142134.410:ERROR:chrome_browser_main_extra_parts_metrics.cc(229)] crbug.com/1216328: Checking Bluetooth availability ended.
1월 04, 2022 14:21:34.410 [10516:3688:0104/142134.410:ERROR:chrome_browser_main_extra_parts_metrics.cc(232)] crbug.com/1216328: Checking default browser status started. Please report if there is no report that this ends.
1월 04, 2022 14:21:34.414 [10516:1616:0104/142134.414:ERROR:device_event_log_impl.cc(214)] [14:21:34.414] USB: usb_device_handle_win.cc:1048 Failed to read descriptor from node connection: 시스템에 부착된 장치가 작동하지 않습니다. (0x1F)
1월 04, 2022 14:21:34.417 [10516:1616:0104/142134.416:ERROR:device_event_log_impl.cc(214)] [14:21:34.416] USB: usb_device_handle_win.cc:1048 Failed to read descriptor from node connection: 시스템에 부착된 장치가 작동하지 않습니다. (0x1F)
1월 04, 2022 14:21:34.420 [10516:3688:0104/142134.420:ERROR:chrome_browser_main_extra_parts_metrics.cc(236)] crbug.com/1216328: Checking default browser status ended.

1월 05, 2022 12:22:26.237 NEW SESSION
1월 05, 2022 12:22:26.237 [11332:13576:0105/122226.185:ERROR:chrome_browser_main_extra_parts_metrics.cc(226)] crbug.com/1216328: Checking Bluetooth availability started. Please report if there is no report that this ends.
1월 05, 2022 12:22:26.238 [11332:13576:0105/122226.185:ERROR:chrome_browser_main_extra_parts_metrics.cc(229)] crbug.com/1216328: Checking Bluetooth availability ended.
1월 05, 2022 12:22:26.238 [11332:13576:0105/122226.185:ERROR:chrome_browser_main_extra_parts_metrics.cc(232)] crbug.com/1216328: Checking default browser status started. Please report if there is no report that this ends.
1월 05, 2022 12:22:26.239 [11332:13576:0105/122226.188:ERROR:chrome_browser_main_extra_parts_metrics.cc(236)] crbug.com/1216328: Checking default browser status ended.
1월 05, 2022 12:22:26.239 [11332:12092:0105/122226.198:ERROR:device_event_log_impl.cc(214)] [12:22:26.199] USB: usb_device_handle_win.cc:1048 Failed to read descriptor from node connection: 시스템에 부착된 장치가 작동하지 않습니다. (0x1F)
1월 05, 2022 12:22:26.239 [11332:12092:0105/122226.199:ERROR:device_event_log_impl.cc(214)] [12:22:26.199] USB: usb_device_handle_win.cc:1048 Failed to read descriptor from node connection: 시스템에 부착된 장치가 작동하지 않습니다. (0x1F)
1월 05, 2022 13:58:06.628 [11332:408:0105/135806.628:ERROR:connection_factory_impl.cc(425)] Failed to connect to MCS endpoint with error -106
1월 05, 2022 14:44:57.111 [11332:408:0105/144457.111:ERROR:connection_factory_impl.cc(425)] Failed to connect to MCS endpoint with error -106
1월 05, 2022 15:00:00.129 [11332:408:0105/150000.129:ERROR:connection_factory_impl.cc(425)] Failed to connect to MCS endpoint with error -106
1월 05, 2022 16:30:00.165 [11332:408:0105/163000.155:ERROR:connection_factory_impl.cc(425)] Failed to connect to MCS endpoint with error -106

1월 06, 2022 12:21:17.737 NEW SESSION
1월 06, 2022 12:21:17.737 [1668:18632:0106/122117.734:ERROR:chrome_browser_main_extra_parts_metrics.cc(226)] crbug.com/1216328: Checking Bluetooth availability started. Please report if there is no report that this ends.
1월 06, 2022 12:21:17.738 [1668:18632:0106/122117.734:ERROR:chrome_browser_main_extra_parts_metrics.cc(229)] crbug.com/1216328: Checking Bluetooth availability ended.
1월 06, 2022 12:21:17.739 [1668:18632:0106/122117.734:ERROR:chrome_browser_main_extra_parts_metrics.cc(232)] crbug.com/1216328: Checking default browser status started. Please report if there is no report that this ends.
1월 06, 2022 12:21:17.740 [1668:18632:0106/122117.735:ERROR:chrome_browser_main_extra_parts_metrics.cc(236)] crbug.com/1216328: Checking default browser status ended.
1월 06, 2022 12:21:17.742 [1668:15556:0106/122117.741:ERROR:device_event_log_impl.cc(214)] [12:21:17.741] USB: usb_device_handle_win.cc:1048 Failed to read descriptor from node connection: 시스템에 부착된 장치가 작동하지 않습니다. (0x1F)
1월 06, 2022 12:21:17.743 [1668:15556:0106/122117.741:ERROR:device_event_log_impl.cc(214)] [12:21:17.741] USB: usb_device_handle_win.cc:1048 Failed to read descriptor from node connection: 시스템에 부착된 장치가 작동하지 않습니다. (0x1F)

1월 06, 2022 12:28:44.974 NEW SESSION
1월 06, 2022 12:28:44.974 [9244:19664:0106/122844.973:ERROR:chrome_browser_main_extra_parts_metrics.cc(226)] crbug.com/1216328: Checking Bluetooth availability started. Please report if there is no report that this ends.
1월 06, 2022 12:28:44.975 [9244:19664:0106/122844.973:ERROR:chrome_browser_main_extra_parts_metrics.cc(229)] crbug.com/1216328: Checking Bluetooth availability ended.
1월 06, 2022 12:28:44.975 [9244:19664:0106/122844.973:ERROR:chrome_browser_main_extra_parts_metrics.cc(232)] crbug.com/1216328: Checking default browser status started. Please report if there is no report that this ends.
1월 06, 2022 12:28:44.976 [9244:19664:0106/122844.974:ERROR:chrome_browser_main_extra_parts_metrics.cc(236)] crbug.com/1216328: Checking default browser status ended.
1월 06, 2022 12:28:44.979 [9244:13152:0106/122844.979:ERROR:device_event_log_impl.cc(214)] [12:28:44.979] USB: usb_device_handle_win.cc:1048 Failed to read descriptor from node connection: 시스템에 부착된 장치가 작동하지 않습니다. (0x1F)
1월 06, 2022 12:28:44.982 [9244:13152:0106/122844.979:ERROR:device_event_log_impl.cc(214)] [12:28:44.979] USB: usb_device_handle_win.cc:1048 Failed to read descriptor from node connection: 시스템에 부착된 장치가 작동하지 않습니다. (0x1F)
1월 06, 2022 14:01:52.599 [9244:12748:0106/140152.593:ERROR:connection_factory_impl.cc(425)] Failed to connect to MCS endpoint with error -106
1월 06, 2022 14:02:02.415 [9244:13152:0106/140202.415:ERROR:device_event_log_impl.cc(214)] [14:02:02.415] USB: usb_service_win.cc:261 Failed to get device driver name: 요소가 없습니다. (0x490)

1월 07, 2022 15:50:01.587 NEW SESSION
1월 07, 2022 15:50:01.587 [39780:24132:0107/155001.585:ERROR:chrome_browser_main_extra_parts_metrics.cc(226)] crbug.com/1216328: Checking Bluetooth availability started. Please report if there is no report that this ends.
1월 07, 2022 15:50:01.588 [39780:24132:0107/155001.585:ERROR:chrome_browser_main_extra_parts_metrics.cc(229)] crbug.com/1216328: Checking Bluetooth availability ended.
1월 07, 2022 15:50:01.589 [39780:24132:0107/155001.585:ERROR:chrome_browser_main_extra_parts_metrics.cc(232)] crbug.com/1216328: Checking default browser status started. Please report if there is no report that this ends.
1월 07, 2022 15:50:01.589 [39780:24132:0107/155001.586:ERROR:chrome_browser_main_extra_parts_metrics.cc(236)] crbug.com/1216328: Checking default browser status ended.
1월 07, 2022 15:50:01.592 [39780:39640:0107/155001.592:ERROR:device_event_log_impl.cc(214)] [15:50:01.591] USB: usb_device_handle_win.cc:1048 Failed to read descriptor from node connection: 시스템에 부착된 장치가 작동하지 않습니다. (0x1F)
1월 07, 2022 15:50:01.592 [39780:39640:0107/155001.592:ERROR:device_event_log_impl.cc(214)] [15:50:01.592] USB: usb_device_handle_win.cc:1048 Failed to read descriptor from node connection: 시스템에 부착된 장치가 작동하지 않습니다. (0x1F)

1월 10, 2022 10:35:12.285 NEW SESSION
1월 10, 2022 10:35:12.286 [10596:3124:0110/103512.282:ERROR:chrome_browser_main_extra_parts_metrics.cc(226)] crbug.com/1216328: Checking Bluetooth availability started. Please report if there is no report that this ends.
1월 10, 2022 10:35:12.289 [10596:3124:0110/103512.282:ERROR:chrome_browser_main_extra_parts_metrics.cc(229)] crbug.com/1216328: Checking Bluetooth availability ended.
1월 10, 2022 10:35:12.290 [10596:3124:0110/103512.282:ERROR:chrome_browser_main_extra_parts_metrics.cc(232)] crbug.com/1216328: Checking default browser status started. Please report if there is no report that this ends.
1월 10, 2022 10:35:12.290 [10596:3124:0110/103512.285:ERROR:chrome_browser_main_extra_parts_metrics.cc(236)] crbug.com/1216328: Checking default browser status ended.
1월 10, 2022 10:35:12.300 [10596:5204:0110/103512.299:ERROR:device_event_log_impl.cc(214)] [10:35:12.299] USB: usb_device_handle_win.cc:1048 Failed to read descriptor from node connection: 시스템에 부착된 장치가 작동하지 않습니다. (0x1F)
1월 10, 2022 10:35:12.301 [10596:5204:0110/103512.300:ERROR:device_event_log_impl.cc(214)] [10:35:12.299] USB: usb_device_handle_win.cc:1048 Failed to read descriptor from node connection: 시스템에 부착된 장치가 작동하지 않습니다. (0x1F)
1월 10, 2022 10:49:35.455 [80:8988:0110/104935.455:ERROR:chrome_browser_main_extra_parts_metrics.cc(226)] crbug.com/1216328: Checking Bluetooth availability started. Please report if there is no report that this ends.
1월 10, 2022 10:49:35.455 [80:8988:0110/104935.455:ERROR:chrome_browser_main_extra_parts_metrics.cc(229)] crbug.com/1216328: Checking Bluetooth availability ended.
1월 10, 2022 10:49:35.456 [80:8988:0110/104935.455:ERROR:chrome_browser_main_extra_parts_metrics.cc(232)] crbug.com/1216328: Checking default browser status started. Please report if there is no report that this ends.
1월 10, 2022 10:49:35.456 [80:8988:0110/104935.456:ERROR:chrome_browser_main_extra_parts_metrics.cc(236)] crbug.com/1216328: Checking default browser status ended.
1월 10, 2022 10:49:35.464 [80:4288:0110/104935.463:ERROR:device_event_log_impl.cc(214)] [10:49:35.464] USB: usb_device_handle_win.cc:1048 Failed to read descriptor from node connection: 시스템에 부착된 장치가 작동하지 않습니다. (0x1F)
1월 10, 2022 10:49:35.464 [80:4288:0110/104935.464:ERROR:device_event_log_impl.cc(214)] [10:49:35.465] USB: usb_device_handle_win.cc:1048 Failed to read descriptor from node connection: 시스템에 부착된 장치가 작동하지 않습니다. (0x1F)
1월 10, 2022 12:31:04.593 [4556:12224:0110/123104.593:ERROR:chrome_browser_main_extra_parts_metrics.cc(226)] crbug.com/1216328: Checking Bluetooth availability started. Please report if there is no report that this ends.
1월 10, 2022 12:31:04.605 [4556:12224:0110/123104.593:ERROR:chrome_browser_main_extra_parts_metrics.cc(229)] crbug.com/1216328: Checking Bluetooth availability ended.
1월 10, 2022 12:31:04.605 [4556:12224:0110/123104.593:ERROR:chrome_browser_main_extra_parts_metrics.cc(232)] crbug.com/1216328: Checking default browser status started. Please report if there is no report that this ends.
1월 10, 2022 12:31:04.606 [4556:12224:0110/123104.594:ERROR:chrome_browser_main_extra_parts_metrics.cc(236)] crbug.com/1216328: Checking default browser status ended.
1월 10, 2022 12:31:04.606 [4556:5544:0110/123104.602:ERROR:device_event_log_impl.cc(214)] [12:31:04.602] USB: usb_device_handle_win.cc:1048 Failed to read descriptor from node connection: 시스템에 부착된 장치가 작동하지 않습니다. (0x1F)
1월 10, 2022 12:32:14.140 [7588:4568:0110/123214.139:ERROR:chrome_browser_main_extra_parts_metrics.cc(226)] crbug.com/1216328: Checking Bluetooth availability started. Please report if there is no report that this ends.
1월 10, 2022 12:32:14.140 [7588:4568:0110/123214.139:ERROR:chrome_browser_main_extra_parts_metrics.cc(229)] crbug.com/1216328: Checking Bluetooth availability ended.
1월 10, 2022 12:32:14.140 [7588:4568:0110/123214.139:ERROR:chrome_browser_main_extra_parts_metrics.cc(232)] crbug.com/1216328: Checking default browser status started. Please report if there is no report that this ends.
1월 10, 2022 12:32:14.141 [7588:4568:0110/123214.141:ERROR:chrome_browser_main_extra_parts_metrics.cc(236)] crbug.com/1216328: Checking default browser status ended.
1월 10, 2022 12:32:14.149 [7588:6224:0110/123214.148:ERROR:device_event_log_impl.cc(214)] [12:32:14.149] USB: usb_device_handle_win.cc:1048 Failed to read descriptor from node connection: 시스템에 부착된 장치가 작동하지 않습니다. (0x1F)
1월 10, 2022 12:32:14.157 [7588:6224:0110/123214.148:ERROR:device_event_log_impl.cc(214)] [12:32:14.149] USB: usb_device_handle_win.cc:1048 Failed to read descriptor from node connection: 시스템에 부착된 장치가 작동하지 않습니다. (0x1F)

1월 10, 2022 17:13:50.140 NEW SESSION
1월 10, 2022 17:13:50.140 [9688:7268:0110/171350.139:ERROR:chrome_browser_main_extra_parts_metrics.cc(226)] crbug.com/1216328: Checking Bluetooth availability started. Please report if there is no report that this ends.
1월 10, 2022 17:13:50.141 [9688:7268:0110/171350.139:ERROR:chrome_browser_main_extra_parts_metrics.cc(229)] crbug.com/1216328: Checking Bluetooth availability ended.
1월 10, 2022 17:13:50.141 [9688:7268:0110/171350.139:ERROR:chrome_browser_main_extra_parts_metrics.cc(232)] crbug.com/1216328: Checking default browser status started. Please report if there is no report that this ends.
1월 10, 2022 17:13:50.141 [9688:7268:0110/171350.140:ERROR:chrome_browser_main_extra_parts_metrics.cc(236)] crbug.com/1216328: Checking default browser status ended.
1월 10, 2022 17:13:50.150 [9688:9668:0110/171350.149:ERROR:device_event_log_impl.cc(214)] [17:13:50.150] USB: usb_device_handle_win.cc:1048 Failed to read descriptor from node connection: 시스템에 부착된 장치가 작동하지 않습니다. (0x1F)
1월 10, 2022 17:13:50.150 [9688:9668:0110/171350.149:ERROR:device_event_log_impl.cc(214)] [17:13:50.150] USB: usb_device_handle_win.cc:1048 Failed to read descriptor from node connection: 시스템에 부착된 장치가 작동하지 않습니다. (0x1F)
1월 10, 2022 17:17:10.585 [9688:9668:0110/171710.585:ERROR:interface_endpoint_client.cc(658)] Message 0 rejected by interface blink.mojom.WidgetHost

1월 11, 2022 14:08:45.181 NEW SESSION
1월 11, 2022 14:08:45.181 [6240:12620:0111/140845.179:ERROR:chrome_browser_main_extra_parts_metrics.cc(226)] crbug.com/1216328: Checking Bluetooth availability started. Please report if there is no report that this ends.
1월 11, 2022 14:08:45.182 [6240:9328:0111/140845.179:ERROR:device_event_log_impl.cc(214)] [14:08:45.179] USB: usb_device_handle_win.cc:1048 Failed to read descriptor from node connection: 시스템에 부착된 장치가 작동하지 않습니다. (0x1F)
1월 11, 2022 14:08:45.182 [6240:9328:0111/140845.180:ERROR:device_event_log_impl.cc(214)] [14:08:45.179] USB: usb_device_handle_win.cc:1048 Failed to read descriptor from node connection: 시스템에 부착된 장치가 작동하지 않습니다. (0x1F)
1월 11, 2022 14:08:45.183 [6240:12620:0111/140845.183:ERROR:chrome_browser_main_extra_parts_metrics.cc(229)] crbug.com/1216328: Checking Bluetooth availability ended.
1월 11, 2022 14:08:45.184 [6240:12620:0111/140845.183:ERROR:chrome_browser_main_extra_parts_metrics.cc(232)] crbug.com/1216328: Checking default browser status started. Please report if there is no report that this ends.
1월 11, 2022 14:08:45.185 [6240:12620:0111/140845.185:ERROR:chrome_browser_main_extra_parts_metrics.cc(236)] crbug.com/1216328: Checking default browser status ended.
1월 11, 2022 14:14:11.203 [12796:8480:0111/141411.203:ERROR:chrome_browser_main_extra_parts_metrics.cc(226)] crbug.com/1216328: Checking Bluetooth availability started. Please report if there is no report that this ends.
1월 11, 2022 14:14:11.204 [12796:8480:0111/141411.203:ERROR:chrome_browser_main_extra_parts_metrics.cc(229)] crbug.com/1216328: Checking Bluetooth availability ended.
1월 11, 2022 14:14:11.205 [12796:8480:0111/141411.203:ERROR:chrome_browser_main_extra_parts_metrics.cc(232)] crbug.com/1216328: Checking default browser status started. Please report if there is no report that this ends.
1월 11, 2022 14:14:11.217 [12796:8480:0111/141411.217:ERROR:chrome_browser_main_extra_parts_metrics.cc(236)] crbug.com/1216328: Checking default browser status ended.
1월 11, 2022 14:14:11.218 [12796:444:0111/141411.218:ERROR:device_event_log_impl.cc(214)] [14:14:11.218] USB: usb_device_handle_win.cc:1048 Failed to read descriptor from node connection: 시스템에 부착된 장치가 작동하지 않습니다. (0x1F)
1월 11, 2022 14:14:11.219 [12796:444:0111/141411.219:ERROR:device_event_log_impl.cc(214)] [14:14:11.218] USB: usb_device_handle_win.cc:1048 Failed to read descriptor from node connection: 시스템에 부착된 장치가 작동하지 않습니다. (0x1F)
1월 11, 2022 15:35:24.892 [11876:2368:0111/153524.891:ERROR:chrome_browser_main_extra_parts_metrics.cc(226)] crbug.com/1216328: Checking Bluetooth availability started. Please report if there is no report that this ends.
1월 11, 2022 15:35:24.892 [11876:2368:0111/153524.892:ERROR:chrome_browser_main_extra_parts_metrics.cc(229)] crbug.com/1216328: Checking Bluetooth availability ended.
1월 11, 2022 15:35:24.893 [11876:2368:0111/153524.892:ERROR:chrome_browser_main_extra_parts_metrics.cc(232)] crbug.com/1216328: Checking default browser status started. Please report if there is no report that this ends.
1월 11, 2022 15:35:24.895 [11876:2368:0111/153524.895:ERROR:chrome_browser_main_extra_parts_metrics.cc(236)] crbug.com/1216328: Checking default browser status ended.
1월 11, 2022 15:35:24.901 [11876:8200:0111/153524.901:ERROR:device_event_log_impl.cc(214)] [15:35:24.901] USB: usb_device_handle_win.cc:1048 Failed to read descriptor from node connection: 시스템에 부착된 장치가 작동하지 않습니다. (0x1F)
1월 11, 2022 15:35:24.902 [11876:8200:0111/153524.901:ERROR:device_event_log_impl.cc(214)] [15:35:24.901] USB: usb_device_handle_win.cc:1048 Failed to read descriptor from node connection: 시스템에 부착된 장치가 작동하지 않습니다. (0x1F)

1월 12, 2022 12:28:49.202 NEW SESSION
1월 12, 2022 12:28:49.202 [24876:16900:0112/122849.187:ERROR:chrome_browser_main_extra_parts_metrics.cc(226)] crbug.com/1216328: Checking Bluetooth availability started. Please report if there is no report that this ends.
1월 12, 2022 12:28:49.203 [24876:16900:0112/122849.187:ERROR:chrome_browser_main_extra_parts_metrics.cc(229)] crbug.com/1216328: Checking Bluetooth availability ended.
1월 12, 2022 12:28:49.203 [24876:16900:0112/122849.188:ERROR:chrome_browser_main_extra_parts_metrics.cc(232)] crbug.com/1216328: Checking default browser status started. Please report if there is no report that this ends.
1월 12, 2022 12:28:49.203 [24876:16900:0112/122849.188:ERROR:chrome_browser_main_extra_parts_metrics.cc(236)] crbug.com/1216328: Checking default browser status ended.
1월 12, 2022 12:28:49.203 [24876:11292:0112/122849.197:ERROR:device_event_log_impl.cc(214)] [12:28:49.197] USB: usb_device_handle_win.cc:1048 Failed to read descriptor from node connection: 시스템에 부착된 장치가 작동하지 않습니다. (0x1F)
1월 12, 2022 12:28:49.203 [24876:11292:0112/122849.197:ERROR:device_event_log_impl.cc(214)] [12:28:49.197] USB: usb_device_handle_win.cc:1048 Failed to read descriptor from node connection: 시스템에 부착된 장치가 작동하지 않습니다. (0x1F)
1월 12, 2022 12:37:16.237 [20284:33716:0112/123716.236:ERROR:chrome_browser_main_extra_parts_metrics.cc(226)] crbug.com/1216328: Checking Bluetooth availability started. Please report if there is no report that this ends.
1월 12, 2022 12:37:16.237 [20284:33716:0112/123716.237:ERROR:chrome_browser_main_extra_parts_metrics.cc(229)] crbug.com/1216328: Checking Bluetooth availability ended.
1월 12, 2022 12:37:16.238 [20284:33716:0112/123716.237:ERROR:chrome_browser_main_extra_parts_metrics.cc(232)] crbug.com/1216328: Checking default browser status started. Please report if there is no report that this ends.
1월 12, 2022 12:37:16.239 [20284:33716:0112/123716.239:ERROR:chrome_browser_main_extra_parts_metrics.cc(236)] crbug.com/1216328: Checking default browser status ended.
1월 12, 2022 12:37:16.242 [20284:15140:0112/123716.241:ERROR:device_event_log_impl.cc(214)] [12:37:16.242] USB: usb_device_handle_win.cc:1048 Failed to read descriptor from node connection: 시스템에 부착된 장치가 작동하지 않습니다. (0x1F)
1월 12, 2022 12:37:16.243 [20284:15140:0112/123716.241:ERROR:device_event_log_impl.cc(214)] [12:37:16.242] USB: usb_device_handle_win.cc:1048 Failed to read descriptor from node connection: 시스템에 부착된 장치가 작동하지 않습니다. (0x1F)

1월 13, 2022 12:03:48.730 NEW SESSION
1월 13, 2022 12:03:48.730 [19884:28636:0113/120348.720:ERROR:chrome_browser_main_extra_parts_metrics.cc(227)] START: ReportBluetoothAvailability(). If you don't see the END: message, this is crbug.com/1216328.
1월 13, 2022 12:03:48.731 [19884:28636:0113/120348.720:ERROR:chrome_browser_main_extra_parts_metrics.cc(230)] END: ReportBluetoothAvailability()
1월 13, 2022 12:03:48.731 [19884:28636:0113/120348.720:ERROR:chrome_browser_main_extra_parts_metrics.cc(235)] START: GetDefaultBrowser(). If you don't see the END: message, this is crbug.com/1216328.
1월 13, 2022 12:03:48.732 [19884:28636:0113/120348.721:ERROR:chrome_browser_main_extra_parts_metrics.cc(239)] END: GetDefaultBrowser()
1월 13, 2022 12:03:48.732 [19884:13116:0113/120348.729:ERROR:device_event_log_impl.cc(214)] [12:03:48.728] USB: usb_device_handle_win.cc:1050 Failed to read descriptor from node connection: 시스템에 부착된 장치가 작동하지 않습니다. (0x1F)
1월 13, 2022 12:03:48.733 [19884:13116:0113/120348.730:ERROR:device_event_log_impl.cc(214)] [12:03:48.729] USB: usb_device_handle_win.cc:1050 Failed to read descriptor from node connection: 시스템에 부착된 장치가 작동하지 않습니다. (0x1F)
1월 13, 2022 12:34:34.405 [23216:10816:0113/123434.405:ERROR:chrome_browser_main_extra_parts_metrics.cc(227)] START: ReportBluetoothAvailability(). If you don't see the END: message, this is crbug.com/1216328.
1월 13, 2022 12:34:34.406 [23216:10816:0113/123434.405:ERROR:chrome_browser_main_extra_parts_metrics.cc(230)] END: ReportBluetoothAvailability()
1월 13, 2022 12:34:34.406 [23216:10816:0113/123434.405:ERROR:chrome_browser_main_extra_parts_metrics.cc(235)] START: GetDefaultBrowser(). If you don't see the END: message, this is crbug.com/1216328.
1월 13, 2022 12:34:34.407 [23216:10816:0113/123434.406:ERROR:chrome_browser_main_extra_parts_metrics.cc(239)] END: GetDefaultBrowser()
1월 13, 2022 12:34:34.415 [23216:2580:0113/123434.415:ERROR:device_event_log_impl.cc(214)] [12:34:34.415] USB: usb_device_handle_win.cc:1050 Failed to read descriptor from node connection: 시스템에 부착된 장치가 작동하지 않습니다. (0x1F)
1월 13, 2022 12:34:34.416 [23216:2580:0113/123434.415:ERROR:device_event_log_impl.cc(214)] [12:34:34.416] USB: usb_device_handle_win.cc:1050 Failed to read descriptor from node connection: 시스템에 부착된 장치가 작동하지 않습니다. (0x1F)
1월 13, 2022 12:47:39.724 [11132:29576:0113/124739.723:ERROR:chrome_browser_main_extra_parts_metrics.cc(227)] START: ReportBluetoothAvailability(). If you don't see the END: message, this is crbug.com/1216328.
1월 13, 2022 12:47:39.735 [11132:29576:0113/124739.723:ERROR:chrome_browser_main_extra_parts_metrics.cc(230)] END: ReportBluetoothAvailability()
1월 13, 2022 12:47:39.735 [11132:29576:0113/124739.723:ERROR:chrome_browser_main_extra_parts_metrics.cc(235)] START: GetDefaultBrowser(). If you don't see the END: message, this is crbug.com/1216328.
1월 13, 2022 12:47:39.735 [11132:29576:0113/124739.724:ERROR:chrome_browser_main_extra_parts_metrics.cc(239)] END: GetDefaultBrowser()
1월 13, 2022 12:47:39.736 [11132:22996:0113/124739.734:ERROR:device_event_log_impl.cc(214)] [12:47:39.734] USB: usb_device_handle_win.cc:1050 Failed to read descriptor from node connection: 시스템에 부착된 장치가 작동하지 않습니다. (0x1F)
1월 13, 2022 12:47:39.736 [11132:22996:0113/124739.735:ERROR:device_event_log_impl.cc(214)] [12:47:39.735] USB: usb_device_handle_win.cc:1050 Failed to read descriptor from node connection: 시스템에 부착된 장치가 작동하지 않습니다. (0x1F)

1월 13, 2022 15:47:12.102 NEW SESSION
1월 13, 2022 15:47:12.102 [25672:21820:0113/154712.100:ERROR:chrome_browser_main_extra_parts_metrics.cc(227)] START: ReportBluetoothAvailability(). If you don't see the END: message, this is crbug.com/1216328.
1월 13, 2022 15:47:12.103 [25672:21820:0113/154712.101:ERROR:chrome_browser_main_extra_parts_metrics.cc(230)] END: ReportBluetoothAvailability()
1월 13, 2022 15:47:12.103 [25672:21820:0113/154712.101:ERROR:chrome_browser_main_extra_parts_metrics.cc(235)] START: GetDefaultBrowser(). If you don't see the END: message, this is crbug.com/1216328.
1월 13, 2022 15:47:12.103 [25672:21820:0113/154712.101:ERROR:chrome_browser_main_extra_parts_metrics.cc(239)] END: GetDefaultBrowser()
1월 13, 2022 15:47:12.111 [25672:27668:0113/154712.111:ERROR:device_event_log_impl.cc(214)] [15:47:12.111] USB: usb_device_handle_win.cc:1050 Failed to read descriptor from node connection: 시스템에 부착된 장치가 작동하지 않습니다. (0x1F)
1월 13, 2022 15:47:12.111 [25672:27668:0113/154712.111:ERROR:device_event_log_impl.cc(214)] [15:47:12.112] USB: usb_device_handle_win.cc:1050 Failed to read descriptor from node connection: 시스템에 부착된 장치가 작동하지 않습니다. (0x1F)
1월 13, 2022 15:53:15.896 [2804:7328:0113/155315.896:ERROR:chrome_browser_main_extra_parts_metrics.cc(227)] START: ReportBluetoothAvailability(). If you don't see the END: message, this is crbug.com/1216328.
1월 13, 2022 15:53:15.896 [2804:7328:0113/155315.896:ERROR:chrome_browser_main_extra_parts_metrics.cc(230)] END: ReportBluetoothAvailability()
1월 13, 2022 15:53:15.897 [2804:7328:0113/155315.896:ERROR:chrome_browser_main_extra_parts_metrics.cc(235)] START: GetDefaultBrowser(). If you don't see the END: message, this is crbug.com/1216328.
1월 13, 2022 15:53:15.897 [2804:7328:0113/155315.897:ERROR:chrome_browser_main_extra_parts_metrics.cc(239)] END: GetDefaultBrowser()
1월 13, 2022 15:53:15.906 [2804:19972:0113/155315.906:ERROR:device_event_log_impl.cc(214)] [15:53:15.906] USB: usb_device_handle_win.cc:1050 Failed to read descriptor from node connection: 시스템에 부착된 장치가 작동하지 않습니다. (0x1F)
1월 13, 2022 15:53:15.907 [2804:19972:0113/155315.907:ERROR:device_event_log_impl.cc(214)] [15:53:15.907] USB: usb_device_handle_win.cc:1050 Failed to read descriptor from node connection: 시스템에 부착된 장치가 작동하지 않습니다. (0x1F)
1월 13, 2022 15:53:55.72 [16316:11872:0113/155355.072:ERROR:chrome_browser_main_extra_parts_metrics.cc(227)] START: ReportBluetoothAvailability(). If you don't see the END: message, this is crbug.com/1216328.
1월 13, 2022 15:53:55.73 [16316:11872:0113/155355.072:ERROR:chrome_browser_main_extra_parts_metrics.cc(230)] END: ReportBluetoothAvailability()
1월 13, 2022 15:53:55.73 [16316:11872:0113/155355.072:ERROR:chrome_browser_main_extra_parts_metrics.cc(235)] START: GetDefaultBrowser(). If you don't see the END: message, this is crbug.com/1216328.
1월 13, 2022 15:53:55.73 [16316:11872:0113/155355.073:ERROR:chrome_browser_main_extra_parts_metrics.cc(239)] END: GetDefaultBrowser()
1월 13, 2022 15:53:55.83 [16316:21024:0113/155355.082:ERROR:device_event_log_impl.cc(214)] [15:53:55.082] USB: usb_device_handle_win.cc:1050 Failed to read descriptor from node connection: 시스템에 부착된 장치가 작동하지 않습니다. (0x1F)
1월 13, 2022 15:53:55.83 [16316:21024:0113/155355.083:ERROR:device_event_log_impl.cc(214)] [15:53:55.082] USB: usb_device_handle_win.cc:1050 Failed to read descriptor from node connection: 시스템에 부착된 장치가 작동하지 않습니다. (0x1F)
1월 13, 2022 17:23:31.564 [16316:21024:0113/172331.561:ERROR:CONSOLE(1)] "console.assert", source: devtools://devtools/bundled/devtools-frontend/front_end/core/sdk/sdk.js (1)
1월 13, 2022 17:23:31.567 [16316:21024:0113/172331.562:ERROR:CONSOLE(0)] "TypeError: Cannot read properties of null (reading 'sourceURL')", source:  (0)
1월 13, 2022 17:27:50.126 [16316:21024:0113/172750.126:ERROR:CONSOLE(1)] "console.assert", source: devtools://devtools/bundled/devtools-frontend/front_end/core/sdk/sdk.js (1)
1월 13, 2022 17:27:50.126 [16316:21024:0113/172750.126:ERROR:CONSOLE(0)] "TypeError: Cannot read properties of null (reading 'sourceURL')", source:  (0)
1월 13, 2022 17:27:54.899 [16316:21024:0113/172754.899:ERROR:CONSOLE(1)] "console.assert", source: devtools://devtools/bundled/devtools-frontend/front_end/core/sdk/sdk.js (1)
1월 13, 2022 17:27:54.900 [16316:21024:0113/172754.899:ERROR:CONSOLE(0)] "TypeError: Cannot read properties of null (reading 'sourceURL')", source:  (0)
1월 13, 2022 17:29:36.338 [16316:21024:0113/172936.337:ERROR:CONSOLE(1)] "console.assert", source: devtools://devtools/bundled/devtools-frontend/front_end/core/sdk/sdk.js (1)
1월 13, 2022 17:29:36.338 [16316:21024:0113/172936.337:ERROR:CONSOLE(0)] "TypeError: Cannot read properties of null (reading 'sourceURL')", source:  (0)
1월 13, 2022 17:29:38.15 [16316:21024:0113/172938.015:ERROR:CONSOLE(1)] "Session is unregistering, can't dispatch pending call to Debugger.setBlackboxPatterns", source: devtools://devtools/bundled/devtools-frontend/front_end/core/sdk/sdk.js (1)

1월 14, 2022 09:25:42.655 NEW SESSION
1월 14, 2022 09:25:42.655 [10308:24536:0114/092542.613:ERROR:chrome_browser_main_extra_parts_metrics.cc(227)] START: ReportBluetoothAvailability(). If you don't see the END: message, this is crbug.com/1216328.
1월 14, 2022 09:25:42.656 [10308:24536:0114/092542.613:ERROR:chrome_browser_main_extra_parts_metrics.cc(230)] END: ReportBluetoothAvailability()
1월 14, 2022 09:25:42.657 [10308:24536:0114/092542.613:ERROR:chrome_browser_main_extra_parts_metrics.cc(235)] START: GetDefaultBrowser(). If you don't see the END: message, this is crbug.com/1216328.
1월 14, 2022 09:25:42.657 [10308:24536:0114/092542.614:ERROR:chrome_browser_main_extra_parts_metrics.cc(239)] END: GetDefaultBrowser()
1월 14, 2022 09:25:42.658 [10308:10968:0114/092542.631:ERROR:device_event_log_impl.cc(214)] [09:25:42.631] USB: usb_device_handle_win.cc:1050 Failed to read descriptor from node connection: 시스템에 부착된 장치가 작동하지 않습니다. (0x1F)
1월 14, 2022 09:25:42.659 [10308:10968:0114/092542.632:ERROR:device_event_log_impl.cc(214)] [09:25:42.632] USB: usb_device_handle_win.cc:1050 Failed to read descriptor from node connection: 시스템에 부착된 장치가 작동하지 않습니다. (0x1F)
1월 14, 2022 14:02:37.171 [10308:18604:0114/140237.168:ERROR:get_updates_processor.cc(260)] PostClientToServerMessage() failed during GetUpdates with error 2
1월 14, 2022 14:02:37.672 [10308:20928:0114/140237.671:ERROR:connection_factory_impl.cc(425)] Failed to connect to MCS endpoint with error -106
1월 14, 2022 14:02:46.384 [10308:10968:0114/140246.384:ERROR:device_event_log_impl.cc(214)] [14:02:46.384] USB: usb_service_win.cc:261 Failed to get device driver name: 요소가 없습니다. (0x490)

1월 17, 2022 12:06:56.860 NEW SESSION
1월 17, 2022 12:06:56.860 [34160:28044:0117/120656.819:ERROR:chrome_browser_main_extra_parts_metrics.cc(227)] START: ReportBluetoothAvailability(). If you don't see the END: message, this is crbug.com/1216328.
1월 17, 2022 12:06:56.861 [34160:28044:0117/120656.819:ERROR:chrome_browser_main_extra_parts_metrics.cc(230)] END: ReportBluetoothAvailability()
1월 17, 2022 12:06:56.861 [34160:28044:0117/120656.819:ERROR:chrome_browser_main_extra_parts_metrics.cc(235)] START: GetDefaultBrowser(). If you don't see the END: message, this is crbug.com/1216328.
1월 17, 2022 12:06:56.862 [34160:28044:0117/120656.821:ERROR:chrome_browser_main_extra_parts_metrics.cc(239)] END: GetDefaultBrowser()
1월 17, 2022 12:06:56.862 [34160:25228:0117/120656.827:ERROR:device_event_log_impl.cc(214)] [12:06:56.827] USB: usb_device_handle_win.cc:1050 Failed to read descriptor from node connection: 시스템에 부착된 장치가 작동하지 않습니다. (0x1F)
1월 17, 2022 12:06:56.863 [34160:25228:0117/120656.828:ERROR:device_event_log_impl.cc(214)] [12:06:56.828] USB: usb_device_handle_win.cc:1050 Failed to read descriptor from node connection: 시스템에 부착된 장치가 작동하지 않습니다. (0x1F)
1월 17, 2022 14:01:08.76 [34160:25228:0117/140108.076:ERROR:device_event_log_impl.cc(214)] [14:01:08.075] USB: usb_service_win.cc:261 Failed to get device driver name: 요소가 없습니다. (0x490)
1월 17, 2022 16:15:51.80 [7256:14972:0117/161551.069:ERROR:chrome_browser_main_extra_parts_metrics.cc(227)] START: ReportBluetoothAvailability(). If you don't see the END: message, this is crbug.com/1216328.
1월 17, 2022 16:15:51.82 [7256:14972:0117/161551.069:ERROR:chrome_browser_main_extra_parts_metrics.cc(230)] END: ReportBluetoothAvailability()
1월 17, 2022 16:15:51.82 [7256:14972:0117/161551.069:ERROR:chrome_browser_main_extra_parts_metrics.cc(235)] START: GetDefaultBrowser(). If you don't see the END: message, this is crbug.com/1216328.
1월 17, 2022 16:15:51.82 [7256:14972:0117/161551.070:ERROR:chrome_browser_main_extra_parts_metrics.cc(239)] END: GetDefaultBrowser()
1월 17, 2022 16:15:51.82 [7256:5196:0117/161551.076:ERROR:device_event_log_impl.cc(214)] [16:15:51.076] USB: usb_device_handle_win.cc:1050 Failed to read descriptor from node connection: 시스템에 부착된 장치가 작동하지 않습니다. (0x1F)
1월 17, 2022 16:15:51.83 [7256:5196:0117/161551.077:ERROR:device_event_log_impl.cc(214)] [16:15:51.077] USB: usb_device_handle_win.cc:1050 Failed to read descriptor from node connection: 시스템에 부착된 장치가 작동하지 않습니다. (0x1F)

1월 18, 2022 09:34:40.686 NEW SESSION
1월 18, 2022 09:34:40.686 [16524:19100:0118/093440.683:ERROR:chrome_browser_main_extra_parts_metrics.cc(227)] START: ReportBluetoothAvailability(). If you don't see the END: message, this is crbug.com/1216328.
1월 18, 2022 09:34:40.687 [16524:19100:0118/093440.683:ERROR:chrome_browser_main_extra_parts_metrics.cc(230)] END: ReportBluetoothAvailability()
1월 18, 2022 09:34:40.687 [16524:19100:0118/093440.683:ERROR:chrome_browser_main_extra_parts_metrics.cc(235)] START: GetDefaultBrowser(). If you don't see the END: message, this is crbug.com/1216328.
1월 18, 2022 09:34:40.688 [16524:19100:0118/093440.685:ERROR:chrome_browser_main_extra_parts_metrics.cc(239)] END: GetDefaultBrowser()
1월 18, 2022 09:34:40.708 [16524:33540:0118/093440.708:ERROR:device_event_log_impl.cc(214)] [09:34:40.708] USB: usb_device_handle_win.cc:1050 Failed to read descriptor from node connection: 시스템에 부착된 장치가 작동하지 않습니다. (0x1F)
1월 18, 2022 09:34:40.709 [16524:33540:0118/093440.708:ERROR:device_event_log_impl.cc(214)] [09:34:40.709] USB: usb_device_handle_win.cc:1050 Failed to read descriptor from node connection: 시스템에 부착된 장치가 작동하지 않습니다. (0x1F)
1월 18, 2022 09:48:04.324 [33140:20312:0118/094804.323:ERROR:device_event_log_impl.cc(214)] [09:48:04.324] USB: usb_device_handle_win.cc:1050 Failed to read descriptor from node connection: 시스템에 부착된 장치가 작동하지 않습니다. (0x1F)
1월 18, 2022 09:48:04.325 [33140:20312:0118/094804.324:ERROR:device_event_log_impl.cc(214)] [09:48:04.325] USB: usb_device_handle_win.cc:1050 Failed to read descriptor from node connection: 시스템에 부착된 장치가 작동하지 않습니다. (0x1F)
1월 18, 2022 09:48:04.345 [33140:15244:0118/094804.344:ERROR:chrome_browser_main_extra_parts_metrics.cc(227)] START: ReportBluetoothAvailability(). If you don't see the END: message, this is crbug.com/1216328.
1월 18, 2022 09:48:04.347 [33140:15244:0118/094804.344:ERROR:chrome_browser_main_extra_parts_metrics.cc(230)] END: ReportBluetoothAvailability()
1월 18, 2022 09:48:04.348 [33140:15244:0118/094804.344:ERROR:chrome_browser_main_extra_parts_metrics.cc(235)] START: GetDefaultBrowser(). If you don't see the END: message, this is crbug.com/1216328.
1월 18, 2022 09:48:04.348 [33140:15244:0118/094804.346:ERROR:chrome_browser_main_extra_parts_metrics.cc(239)] END: GetDefaultBrowser()
1월 18, 2022 10:38:20.901 [21788:22644:0118/103820.901:ERROR:chrome_browser_main_extra_parts_metrics.cc(227)] START: ReportBluetoothAvailability(). If you don't see the END: message, this is crbug.com/1216328.
1월 18, 2022 10:38:20.902 [21788:22644:0118/103820.901:ERROR:chrome_browser_main_extra_parts_metrics.cc(230)] END: ReportBluetoothAvailability()
1월 18, 2022 10:38:20.902 [21788:22644:0118/103820.901:ERROR:chrome_browser_main_extra_parts_metrics.cc(235)] START: GetDefaultBrowser(). If you don't see the END: message, this is crbug.com/1216328.
1월 18, 2022 10:38:20.904 [21788:33476:0118/103820.904:ERROR:device_event_log_impl.cc(214)] [10:38:20.904] USB: usb_device_handle_win.cc:1050 Failed to read descriptor from node connection: 시스템에 부착된 장치가 작동하지 않습니다. (0x1F)
1월 18, 2022 10:38:20.905 [21788:33476:0118/103820.905:ERROR:device_event_log_impl.cc(214)] [10:38:20.905] USB: usb_device_handle_win.cc:1050 Failed to read descriptor from node connection: 시스템에 부착된 장치가 작동하지 않습니다. (0x1F)
1월 18, 2022 10:38:20.917 [21788:22644:0118/103820.917:ERROR:chrome_browser_main_extra_parts_metrics.cc(239)] END: GetDefaultBrowser()
1월 18, 2022 11:22:34.714 [21788:33476:0118/112234.714:ERROR:interface_endpoint_client.cc(658)] Message 0 rejected by interface blink.mojom.WidgetHost
1월 18, 2022 13:00:37.513 [21788:12092:0118/130037.512:ERROR:connection_factory_impl.cc(425)] Failed to connect to MCS endpoint with error -106
1월 18, 2022 13:00:43.720 [21788:33476:0118/130043.720:ERROR:device_event_log_impl.cc(214)] [13:00:43.720] USB: usb_service_win.cc:261 Failed to get device driver name: 요소가 없습니다. (0x490)
1월 18, 2022 14:05:29.140 [21788:12092:0118/140529.139:ERROR:connection_factory_impl.cc(425)] Failed to connect to MCS endpoint with error -106
1월 18, 2022 14:05:29.141 [21788:31156:0118/140529.141:ERROR:get_updates_processor.cc(260)] PostClientToServerMessage() failed during GetUpdates with error 2
1월 18, 2022 14:06:46.311 [21788:33476:0118/140646.311:ERROR:interface_endpoint_client.cc(658)] Message 0 rejected by interface blink.mojom.WidgetHost
1월 18, 2022 14:37:31.637 [17324:8632:0118/143731.636:ERROR:chrome_browser_main_extra_parts_metrics.cc(227)] START: ReportBluetoothAvailability(). If you don't see the END: message, this is crbug.com/1216328.
1월 18, 2022 14:37:31.637 [17324:8632:0118/143731.637:ERROR:chrome_browser_main_extra_parts_metrics.cc(230)] END: ReportBluetoothAvailability()
1월 18, 2022 14:37:31.638 [17324:8632:0118/143731.637:ERROR:chrome_browser_main_extra_parts_metrics.cc(235)] START: GetDefaultBrowser(). If you don't see the END: message, this is crbug.com/1216328.
1월 18, 2022 14:37:31.638 [17324:8632:0118/143731.638:ERROR:chrome_browser_main_extra_parts_metrics.cc(239)] END: GetDefaultBrowser()
1월 18, 2022 14:37:31.643 [17324:21636:0118/143731.643:ERROR:device_event_log_impl.cc(214)] [14:37:31.642] USB: usb_device_handle_win.cc:1050 Failed to read descriptor from node connection: 시스템에 부착된 장치가 작동하지 않습니다. (0x1F)
1월 18, 2022 14:37:31.645 [17324:21636:0118/143731.645:ERROR:device_event_log_impl.cc(214)] [14:37:31.644] USB: usb_device_handle_win.cc:1050 Failed to read descriptor from node connection: 시스템에 부착된 장치가 작동하지 않습니다. (0x1F)
1월 18, 2022 15:00:42.724 [17324:16992:0118/150042.724:ERROR:connection_factory_impl.cc(425)] Failed to connect to MCS endpoint with error -106
1월 18, 2022 15:00:51.424 [17324:21636:0118/150051.423:ERROR:device_event_log_impl.cc(214)] [15:00:51.423] USB: usb_service_win.cc:261 Failed to get device driver name: 요소가 없습니다. (0x490)

1월 19, 2022 09:16:10.615 NEW SESSION
1월 19, 2022 09:16:10.615 [32572:27480:0119/091610.606:ERROR:chrome_browser_main_extra_parts_metrics.cc(227)] START: ReportBluetoothAvailability(). If you don't see the END: message, this is crbug.com/1216328.
1월 19, 2022 09:16:10.623 [32572:27480:0119/091610.606:ERROR:chrome_browser_main_extra_parts_metrics.cc(230)] END: ReportBluetoothAvailability()
1월 19, 2022 09:16:10.629 [32572:27480:0119/091610.606:ERROR:chrome_browser_main_extra_parts_metrics.cc(235)] START: GetDefaultBrowser(). If you don't see the END: message, this is crbug.com/1216328.
1월 19, 2022 09:16:10.630 [32572:27480:0119/091610.608:ERROR:chrome_browser_main_extra_parts_metrics.cc(239)] END: GetDefaultBrowser()
1월 19, 2022 09:16:10.631 [32572:18096:0119/091610.617:ERROR:device_event_log_impl.cc(214)] [09:16:10.617] USB: usb_device_handle_win.cc:1050 Failed to read descriptor from node connection: 시스템에 부착된 장치가 작동하지 않습니다. (0x1F)
1월 19, 2022 09:16:10.631 [32572:18096:0119/091610.619:ERROR:device_event_log_impl.cc(214)] [09:16:10.618] USB: usb_device_handle_win.cc:1050 Failed to read descriptor from node connection: 시스템에 부착된 장치가 작동하지 않습니다. (0x1F)
1월 19, 2022 10:13:40.966 [13412:27108:0119/101340.965:ERROR:chrome_browser_main_extra_parts_metrics.cc(227)] START: ReportBluetoothAvailability(). If you don't see the END: message, this is crbug.com/1216328.
1월 19, 2022 10:13:40.975 [13412:27108:0119/101340.965:ERROR:chrome_browser_main_extra_parts_metrics.cc(230)] END: ReportBluetoothAvailability()
1월 19, 2022 10:13:40.981 [13412:27108:0119/101340.965:ERROR:chrome_browser_main_extra_parts_metrics.cc(235)] START: GetDefaultBrowser(). If you don't see the END: message, this is crbug.com/1216328.
1월 19, 2022 10:13:40.982 [13412:27108:0119/101340.966:ERROR:chrome_browser_main_extra_parts_metrics.cc(239)] END: GetDefaultBrowser()
1월 19, 2022 10:13:40.983 [13412:26492:0119/101340.972:ERROR:device_event_log_impl.cc(214)] [10:13:40.971] USB: usb_device_handle_win.cc:1050 Failed to read descriptor from node connection: 시스템에 부착된 장치가 작동하지 않습니다. (0x1F)
1월 19, 2022 10:13:40.984 [13412:26492:0119/101340.972:ERROR:device_event_log_impl.cc(214)] [10:13:40.971] USB: usb_device_handle_win.cc:1050 Failed to read descriptor from node connection: 시스템에 부착된 장치가 작동하지 않습니다. (0x1F)
1월 19, 2022 10:49:22.814 [13412:26492:0119/104922.813:ERROR:device_event_log_impl.cc(214)] [10:49:22.813] USB: usb_service_win.cc:261 Failed to get device driver name: 요소가 없습니다. (0x490)
1월 19, 2022 12:51:44.98 [13412:20736:0119/125144.097:ERROR:connection_factory_impl.cc(425)] Failed to connect to MCS endpoint with error -106
1월 19, 2022 14:07:34.954 [13412:20736:0119/140734.954:ERROR:connection_factory_impl.cc(425)] Failed to connect to MCS endpoint with error -106
1월 19, 2022 14:07:34.958 [13412:2320:0119/140734.958:ERROR:get_updates_processor.cc(260)] PostClientToServerMessage() failed during GetUpdates with error 2
1월 19, 2022 14:07:47.516 [13412:26492:0119/140747.516:ERROR:interface_endpoint_client.cc(658)] Message 0 rejected by interface blink.mojom.WidgetHost
1월 19, 2022 15:16:51.42 [13412:26492:0119/151651.040:ERROR:interface_endpoint_client.cc(658)] Message 0 rejected by interface blink.mojom.WidgetHost
1월 19, 2022 18:57:37.162 [13412:20736:0119/185737.160:ERROR:connection_factory_impl.cc(425)] Failed to connect to MCS endpoint with error -106
1월 19, 2022 18:57:37.167 [13412:24088:0119/185737.167:ERROR:get_updates_processor.cc(260)] PostClientToServerMessage() failed during GetUpdates with error 2
1월 19, 2022 20:34:29.179 [13412:20736:0119/203429.178:ERROR:connection_factory_impl.cc(425)] Failed to connect to MCS endpoint with error -106
1월 19, 2022 20:35:09.102 [13412:20736:0119/203509.100:ERROR:connection_factory_impl.cc(425)] Failed to connect to MCS endpoint with error -106
